[14:10:47] [Trend] EXEC: BUY 9 AXISBANK.NS @ 1,065.00 | Strat Cash: 480,629.00 | Pos: 9
[14:10:47] [Trend] EXEC: BUY 25 COALINDIA.NS @ 381.90 | Strat Cash: 471,081.50 | Pos: 25
[14:10:47] [MeanReversion] EXEC: BUY 2 HEROMOTOCO.NS @ 4,321.70 | Strat Cash: 472,183.70 | Pos: 2
[14:10:47] [MeanReversion] EXEC: BUY 5 SUNPHARMA.NS @ 1,709.30 | Strat Cash: 463,637.20 | Pos: 5
[14:11:33] [Trend] EXEC: BUY 1 APOLLOHOSP.NS @ 7,453.50 | Strat Cash: 492,546.50 | Pos: 1
[14:11:33] [Trend] EXEC: BUY 4 ASIANPAINT.NS @ 2,365.60 | Strat Cash: 483,084.10 | Pos: 4
[14:11:33] [Trend] EXEC: BUY 5 BHARTIARTL.NS @ 1,922.00 | Strat Cash: 473,474.10 | Pos: 5
[14:11:33] [MeanReversion] EXEC: BUY 6 CIPLA.NS @ 1,571.30 | Strat Cash: 490,572.20 | Pos: 6
[14:11:33] [Trend] EXEC: BUY 24 COALINDIA.NS @ 381.90 | Strat Cash: 464,308.50 | Pos: 24
[14:11:33] [Trend] EXEC: BUY 4 HDFCBANK.NS @ 2,023.60 | Strat Cash: 456,214.10 | Pos: 4
[14:11:33] [Trend] EXEC: BUY 22 ITC.NS @ 409.40 | Strat Cash: 447,207.30 | Pos: 22
[14:11:33] [Trend] EXEC: BUY 26 NTPC.NS @ 333.95 | Strat Cash: 438,524.60 | Pos: 26
[14:11:33] [MeanReversion] EXEC: BUY 4 NESTLEIND.NS @ 2,224.60 | Strat Cash: 481,673.80 | Pos: 4
[14:11:33] [MeanReversion] EXEC: BUY 32 POWERGRID.NS @ 293.20 | Strat Cash: 472,291.40 | Pos: 32
[14:11:33] [Trend] EXEC: BUY 10 SBIN.NS @ 799.00 | Strat Cash: 430,534.60 | Pos: 10
[14:11:33] [MeanReversion] EXEC: BUY 5 SUNPHARMA.NS @ 1,709.20 | Strat Cash: 463,745.40 | Pos: 5
[14:11:33] [Trend] EXEC: BUY 53 TATASTEEL.NS @ 161.52 | Strat Cash: 421,974.04 | Pos: 53
[14:11:33] [Trend] EXEC: BUY 5 TECHM.NS @ 1,458.10 | Strat Cash: 414,683.54 | Pos: 5
[14:11:33] [Trend] EXEC: BUY 2 TITAN.NS @ 3,372.00 | Strat Cash: 407,939.54 | Pos: 2
[14:11:33] [Trend] EXEC: BUY 32 WIPRO.NS @ 251.30 | Strat Cash: 399,897.94 | Pos: 32
[14:12:35] [Trend] EXEC: BUY 1 BRITANNIA.NS @ 5,627.00 | Strat Cash: 394,270.94 | Pos: 1
[14:12:35] [Trend] EXEC: BUY 1 EICHERMOT.NS @ 5,448.50 | Strat Cash: 388,822.44 | Pos: 1
[14:12:35] [Trend] EXEC: BUY 1 HEROMOTOCO.NS @ 4,327.80 | Strat Cash: 384,494.64 | Pos: 1
[14:12:35] [Trend] EXEC: BUY 3 HINDUNILVR.NS @ 2,446.90 | Strat Cash: 377,153.94 | Pos: 3
[14:12:35] [Trend] EXEC: BUY 5 ICICIBANK.NS @ 1,488.00 | Strat Cash: 369,713.94 | Pos: 5
[14:12:35] [Trend] EXEC: BUY 9 INDUSINDBK.NS @ 806.20 | Strat Cash: 362,458.14 | Pos: 9
[14:12:35] [Trend] EXEC: BUY 4 INFY.NS @ 1,515.30 | Strat Cash: 356,396.94 | Pos: 4
[14:12:35] [Trend] EXEC: BUY 3 KOTAKBANK.NS @ 1,970.80 | Strat Cash: 350,484.54 | Pos: 3
[14:12:35] [MeanReversion] EXEC: BUY 38 ONGC.NS @ 241.34 | Strat Cash: 454,574.48 | Pos: 38
[14:13:36] [Trend] EXEC: BUY 6 AXISBANK.NS @ 1,065.10 | Strat Cash: 344,093.94 | Pos: 6
[14:13:36] [MeanReversion] EXEC: BUY 6 HCLTECH.NS @ 1,471.10 | Strat Cash: 445,747.88 | Pos: 6
[14:13:36] [Trend] EXEC: BUY 6 JSWSTEEL.NS @ 1,040.90 | Strat Cash: 337,848.54 | Pos: 6
[14:13:36] [Trend] EXEC: BUY 6 TATACONSUM.NS @ 1,063.30 | Strat Cash: 331,468.74 | Pos: 6
[14:14:18] [Trend] EXEC: SELL 4 ASIANPAINT.NS @ 2,386.60 | Strat Cash: 509,546.40 | Pos: 0
[14:14:18] [Trend] EXEC: SELL 1 BRITANNIA.NS @ 5,624.00 | Strat Cash: 515,170.40 | Pos: 0
[14:14:18] [Trend] EXEC: SELL 1 HEROMOTOCO.NS @ 4,326.00 | Strat Cash: 519,496.40 | Pos: 0
[14:14:18] [Trend] EXEC: SELL 6 JSWSTEEL.NS @ 1,041.50 | Strat Cash: 525,745.40 | Pos: 0
[14:14:18] [Trend] EXEC: SELL 6 TATACONSUM.NS @ 1,062.60 | Strat Cash: 532,121.00 | Pos: 0
[14:15:20] [Trend] EXEC: BUY 4 ASIANPAINT.NS @ 2,402.90 | Strat Cash: 522,509.40 | Pos: 4
[14:15:20] [Trend] EXEC: BUY 1 DIVISLAB.NS @ 6,662.50 | Strat Cash: 515,846.90 | Pos: 1
[14:15:20] [MeanReversion] EXEC: BUY 14 HINDALCO.NS @ 692.40 | Strat Cash: 490,306.40 | Pos: 14
[14:16:48] [Trend] EXEC: BUY 1 BRITANNIA.NS @ 5,625.00 | Strat Cash: 494,375.00 | Pos: 1
[14:16:48] [Trend] EXEC: SELL 1 DIVISLAB.NS @ 6,663.50 | Strat Cash: 501,038.50 | Pos: 0
[14:16:48] [Trend] EXEC: BUY 1 LTIM.NS @ 5,078.00 | Strat Cash: 495,960.50 | Pos: 1
[14:16:48] [Trend] EXEC: BUY 2 LT.NS @ 3,497.90 | Strat Cash: 488,964.70 | Pos: 2
[14:16:48] [Trend] EXEC: BUY 14 TATAMOTORS.NS @ 691.45 | Strat Cash: 479,284.40 | Pos: 14
[14:16:48] [Trend] EXEC: BUY 3 TCS.NS @ 3,059.50 | Strat Cash: 470,105.90 | Pos: 3
[14:19:38] [Trend] EXEC: BUY 7 ADANIPORTS.NS @ 1,394.50 | Strat Cash: 490,238.50 | Pos: 7
[14:19:38] [Trend] EXEC: BUY 1 BAJAJ-AUTO.NS @ 8,133.00 | Strat Cash: 482,105.50 | Pos: 1
[14:19:38] [Trend] EXEC: BUY 1 DIVISLAB.NS @ 6,668.00 | Strat Cash: 475,437.50 | Pos: 1
[14:19:38] [Trend] EXEC: BUY 7 DRREDDY.NS @ 1,295.10 | Strat Cash: 466,371.80 | Pos: 7
[14:19:38] [Trend] EXEC: BUY 4 NESTLEIND.NS @ 2,228.80 | Strat Cash: 457,456.60 | Pos: 4
[14:19:38] [Trend] EXEC: BUY 6 RELIANCE.NS @ 1,401.50 | Strat Cash: 449,047.60 | Pos: 6
[14:20:39] [Trend] EXEC: BUY 3 GRASIM.NS @ 2,727.40 | Strat Cash: 440,865.40 | Pos: 3
[14:20:39] [MeanReversion] EXEC: BUY 6 INFY.NS @ 1,513.50 | Strat Cash: 490,919.00 | Pos: 6
[14:21:41] [MeanReversion] EXEC: SELL 6 CIPLA.NS @ 1,576.60 | Strat Cash: 500,378.60 | Pos: 0
[14:21:41] [Trend] EXEC: BUY 8 TATACONSUM.NS @ 1,063.60 | Strat Cash: 432,356.60 | Pos: 8
[14:21:41] [Trend] EXEC: BUY 11 UPL.NS @ 726.95 | Strat Cash: 424,360.15 | Pos: 11
[14:22:40] [Trend] EXEC: SELL 3 GRASIM.NS @ 2,720.00 | Strat Cash: 508,160.00 | Pos: 0
[14:22:40] [Trend] EXEC: BUY 5 SBILIFE.NS @ 1,831.00 | Strat Cash: 499,005.00 | Pos: 5
[14:22:40] [Trend] EXEC: SELL 14 TATAMOTORS.NS @ 691.20 | Strat Cash: 508,681.80 | Pos: 0
[14:22:40] [Trend] EXEC: SELL 11 UPL.NS @ 726.55 | Strat Cash: 516,673.85 | Pos: 0
[14:25:26] [Trend] EXEC: BUY 3 ADANIENT.NS @ 2,552.20 | Strat Cash: 492,343.40 | Pos: 3
[14:25:26] [Trend] EXEC: BUY 1 APOLLOHOSP.NS @ 7,462.50 | Strat Cash: 484,880.90 | Pos: 1
[14:25:26] [Trend] EXEC: BUY 4 ASIANPAINT.NS @ 2,401.50 | Strat Cash: 475,274.90 | Pos: 4
[14:25:26] [Trend] EXEC: BUY 8 AXISBANK.NS @ 1,067.00 | Strat Cash: 466,738.90 | Pos: 8
[14:25:26] [Trend] EXEC: BUY 1 BAJAJ-AUTO.NS @ 8,141.00 | Strat Cash: 458,597.90 | Pos: 1
[14:25:26] [Trend] EXEC: BUY 4 BAJAJFINSV.NS @ 1,975.90 | Strat Cash: 450,694.30 | Pos: 4
[14:25:26] [Trend] EXEC: BUY 4 BHARTIARTL.NS @ 1,921.60 | Strat Cash: 443,007.90 | Pos: 4
[14:25:26] [Trend] EXEC: BUY 1 BRITANNIA.NS @ 5,625.50 | Strat Cash: 437,382.40 | Pos: 1
[14:25:26] [Trend] EXEC: BUY 22 COALINDIA.NS @ 382.20 | Strat Cash: 428,974.00 | Pos: 22
[14:25:26] [Trend] EXEC: BUY 1 DIVISLAB.NS @ 6,676.50 | Strat Cash: 422,297.50 | Pos: 1
[14:25:26] [Trend] EXEC: BUY 6 DRREDDY.NS @ 1,296.40 | Strat Cash: 414,519.10 | Pos: 6
[14:25:26] [Trend] EXEC: BUY 1 EICHERMOT.NS @ 5,468.50 | Strat Cash: 409,050.60 | Pos: 1
[14:25:26] [Trend] EXEC: BUY 3 GRASIM.NS @ 2,723.50 | Strat Cash: 400,880.10 | Pos: 3
[14:25:26] [Trend] EXEC: BUY 3 HINDUNILVR.NS @ 2,455.00 | Strat Cash: 393,515.10 | Pos: 3
[14:25:26] [Trend] EXEC: BUY 5 INFY.NS @ 1,516.80 | Strat Cash: 385,931.10 | Pos: 5
[14:25:26] [Trend] EXEC: BUY 3 KOTAKBANK.NS @ 1,971.90 | Strat Cash: 380,015.40 | Pos: 3
[14:25:26] [Trend] EXEC: BUY 5 RELIANCE.NS @ 1,402.20 | Strat Cash: 373,004.40 | Pos: 5
[14:25:26] [Trend] EXEC: BUY 9 SBIN.NS @ 799.65 | Strat Cash: 365,807.55 | Pos: 9
[14:25:26] [Trend] EXEC: BUY 2 TCS.NS @ 3,059.10 | Strat Cash: 359,689.35 | Pos: 2
[14:25:26] [Trend] EXEC: BUY 44 TATASTEEL.NS @ 161.72 | Strat Cash: 352,573.67 | Pos: 44
[14:25:26] [Trend] EXEC: BUY 4 TECHM.NS @ 1,457.90 | Strat Cash: 346,742.07 | Pos: 4
[14:25:26] [Trend] EXEC: BUY 2 TITAN.NS @ 3,378.70 | Strat Cash: 339,984.67 | Pos: 2
[14:25:26] [Trend] EXEC: BUY 27 WIPRO.NS @ 251.50 | Strat Cash: 333,194.17 | Pos: 27
[14:27:15] [Trend] EXEC: SELL 3 ADANIENT.NS @ 2,549.80 | Strat Cash: 507,649.40 | Pos: 0
[14:27:15] [Trend] EXEC: SELL 4 BAJAJFINSV.NS @ 1,974.20 | Strat Cash: 515,546.20 | Pos: 0
[14:27:15] [Trend] EXEC: BUY 5 HDFCBANK.NS @ 2,024.20 | Strat Cash: 505,425.20 | Pos: 5
[14:27:15] [Trend] EXEC: BUY 2 LT.NS @ 3,493.90 | Strat Cash: 498,437.40 | Pos: 2
[14:27:15] [Trend] EXEC: BUY 5 SBILIFE.NS @ 1,831.00 | Strat Cash: 489,282.40 | Pos: 5
[14:27:15] [Trend] EXEC: BUY 9 TATACONSUM.NS @ 1,064.00 | Strat Cash: 479,706.40 | Pos: 9
[14:28:17] [MeanReversion] EXEC: BUY 24 ITC.NS @ 409.00 | Strat Cash: 490,184.00 | Pos: 24
[14:29:18] [Trend] EXEC: BUY 6 CIPLA.NS @ 1,576.70 | Strat Cash: 470,246.20 | Pos: 6
[14:30:20] [Trend] EXEC: BUY 4 BAJAJFINSV.NS @ 1,975.10 | Strat Cash: 462,345.80 | Pos: 4
[14:31:18] [Trend] EXEC: BUY 7 ADANIPORTS.NS @ 1,394.20 | Strat Cash: 490,240.60 | Pos: 7
[14:31:18] [Trend] EXEC: SELL 3 GRASIM.NS @ 2,735.10 | Strat Cash: 498,445.90 | Pos: 0
[14:31:18] [MeanReversion] EXEC: BUY 4 HDFCBANK.NS @ 2,021.90 | Strat Cash: 491,912.40 | Pos: 4
[14:31:18] [Trend] EXEC: BUY 1 LTIM.NS @ 5,076.00 | Strat Cash: 493,369.90 | Pos: 1
[14:32:33] [Trend] EXEC: BUY 3 GRASIM.NS @ 2,734.10 | Strat Cash: 491,797.70 | Pos: 3
[14:32:33] [Trend] EXEC: BUY 12 INDUSINDBK.NS @ 806.30 | Strat Cash: 482,122.10 | Pos: 12
[14:32:33] [Trend] EXEC: SELL 1 LTIM.NS @ 5,083.00 | Strat Cash: 487,205.10 | Pos: 0
[14:33:35] [Trend] EXEC: BUY 1 LTIM.NS @ 5,086.00 | Strat Cash: 482,119.10 | Pos: 1
[14:35:37] [MeanReversion] EXEC: BUY 3 ADANIENT.NS @ 2,545.90 | Strat Cash: 492,362.30 | Pos: 3
[14:35:37] [MeanReversion] EXEC: BUY 2 HEROMOTOCO.NS @ 4,323.30 | Strat Cash: 483,715.70 | Pos: 2
[14:35:37] [MeanReversion] EXEC: BUY 3 M&M.NS @ 3,205.80 | Strat Cash: 474,098.30 | Pos: 3
[14:35:37] [MeanReversion] EXEC: BUY 11 SBIN.NS @ 798.00 | Strat Cash: 465,320.30 | Pos: 11
[14:36:39] [MeanReversion] EXEC: BUY 6 ADANIPORTS.NS @ 1,390.40 | Strat Cash: 456,977.90 | Pos: 6
[14:36:39] [MeanReversion] EXEC: BUY 1 BAJAJ-AUTO.NS @ 8,119.00 | Strat Cash: 448,858.90 | Pos: 1
[14:36:39] [MeanReversion] EXEC: BUY 4 BHARTIARTL.NS @ 1,919.30 | Strat Cash: 441,181.70 | Pos: 4
[14:36:39] [MeanReversion] EXEC: BUY 11 HDFCLIFE.NS @ 758.20 | Strat Cash: 432,841.50 | Pos: 11
[14:36:39] [MeanReversion] EXEC: BUY 12 HINDALCO.NS @ 690.95 | Strat Cash: 424,550.10 | Pos: 12
[14:36:39] [MeanReversion] EXEC: BUY 5 ICICIBANK.NS @ 1,484.60 | Strat Cash: 417,127.10 | Pos: 5
[14:36:39] [MeanReversion] EXEC: BUY 8 JSWSTEEL.NS @ 1,037.60 | Strat Cash: 408,826.30 | Pos: 8
[14:36:39] [MeanReversion] EXEC: BUY 33 ONGC.NS @ 241.00 | Strat Cash: 400,873.30 | Pos: 33
[14:36:39] [MeanReversion] EXEC: BUY 27 POWERGRID.NS @ 293.00 | Strat Cash: 392,962.30 | Pos: 27
[14:36:39] [MeanReversion] EXEC: BUY 4 SUNPHARMA.NS @ 1,708.70 | Strat Cash: 386,127.50 | Pos: 4
[14:36:39] [MeanReversion] EXEC: BUY 11 TATAMOTORS.NS @ 690.45 | Strat Cash: 378,532.55 | Pos: 11
[14:36:39] [MeanReversion] EXEC: BUY 2 TCS.NS @ 3,052.20 | Strat Cash: 372,428.15 | Pos: 2
[14:36:39] [MeanReversion] EXEC: BUY 46 TATASTEEL.NS @ 161.29 | Strat Cash: 365,008.81 | Pos: 46
[14:36:39] [MeanReversion] EXEC: BUY 5 TECHM.NS @ 1,453.10 | Strat Cash: 357,743.31 | Pos: 5
[14:37:41] [Trend] EXEC: SELL 5 HDFCBANK.NS @ 2,018.30 | Strat Cash: 492,210.60 | Pos: 0
[14:37:41] [Trend] EXEC: SELL 12 INDUSINDBK.NS @ 804.15 | Strat Cash: 501,860.40 | Pos: 0
[14:37:41] [Trend] EXEC: SELL 9 SBIN.NS @ 797.75 | Strat Cash: 509,040.15 | Pos: 0
[14:37:41] [Trend] EXEC: SELL 2 TCS.NS @ 3,052.60 | Strat Cash: 515,145.35 | Pos: 0
[14:38:42] [Trend] EXEC: SELL 7 ADANIPORTS.NS @ 1,390.60 | Strat Cash: 524,879.55 | Pos: 0
[14:38:42] [Trend] EXEC: SELL 5 INFY.NS @ 1,515.10 | Strat Cash: 532,455.05 | Pos: 0
[14:39:43] [Trend] EXEC: SELL 4 TECHM.NS @ 1,453.50 | Strat Cash: 538,269.05 | Pos: 0
[14:40:45] [MeanReversion] EXEC: BUY 8 BAJFINANCE.NS @ 888.55 | Strat Cash: 350,634.91 | Pos: 8
[14:41:47] [MeanReversion] EXEC: BUY 6 AXISBANK.NS @ 1,064.30 | Strat Cash: 344,249.11 | Pos: 6
[14:41:47] [Trend] EXEC: SELL 1 BAJAJ-AUTO.NS @ 8,122.00 | Strat Cash: 546,391.05 | Pos: 0
[14:42:49] [Trend] EXEC: SELL 4 BHARTIARTL.NS @ 1,917.90 | Strat Cash: 554,062.65 | Pos: 0
[14:42:49] [Trend] EXEC: SELL 3 KOTAKBANK.NS @ 1,970.20 | Strat Cash: 559,973.25 | Pos: 0
[14:43:52] [MeanReversion] EXEC: BUY 3 SBILIFE.NS @ 1,828.60 | Strat Cash: 338,763.31 | Pos: 3
[14:43:52] [Trend] EXEC: SELL 44 TATASTEEL.NS @ 161.46 | Strat Cash: 567,077.49 | Pos: 0
[14:49:01] [Trend] EXEC: SELL 4 BAJAJFINSV.NS @ 1,972.10 | Strat Cash: 574,965.89 | Pos: 0
[14:50:02] [Trend] EXEC: SELL 1 APOLLOHOSP.NS @ 7,456.00 | Strat Cash: 582,421.89 | Pos: 0
[14:50:02] [Trend] EXEC: SELL 8 AXISBANK.NS @ 1,064.10 | Strat Cash: 590,934.69 | Pos: 0
[14:50:02] [MeanReversion] EXEC: BUY 1 BRITANNIA.NS @ 5,620.50 | Strat Cash: 333,142.81 | Pos: 1
[14:50:02] [MeanReversion] EXEC: BUY 2 NESTLEIND.NS @ 2,224.10 | Strat Cash: 328,694.61 | Pos: 2
[14:50:02] [Trend] EXEC: SELL 5 SBILIFE.NS @ 1,830.00 | Strat Cash: 600,084.69 | Pos: 0
[14:52:09] [MeanReversion] EXEC: BUY 4 INFY.NS @ 1,511.50 | Strat Cash: 322,648.61 | Pos: 4
[14:52:09] [Trend] EXEC: SELL 2 LT.NS @ 3,491.70 | Strat Cash: 607,068.09 | Pos: 0
[14:52:09] [Trend] EXEC: BUY 7 SUNPHARMA.NS @ 1,713.30 | Strat Cash: 595,074.99 | Pos: 7
[14:52:09] [Trend] EXEC: SELL 9 TATACONSUM.NS @ 1,062.50 | Strat Cash: 604,637.49 | Pos: 0
[14:53:10] [Trend] EXEC: BUY 6 KOTAKBANK.NS @ 1,972.50 | Strat Cash: 592,802.49 | Pos: 6
[14:54:12] [MeanReversion] EXEC: SELL 3 ADANIENT.NS @ 2,549.30 | Strat Cash: 330,296.51 | Pos: 0
[14:54:12] [MeanReversion] EXEC: SELL 6 ADANIPORTS.NS @ 1,393.80 | Strat Cash: 338,659.31 | Pos: 0
[14:54:12] [MeanReversion] EXEC: SELL 8 JSWSTEEL.NS @ 1,039.60 | Strat Cash: 346,976.11 | Pos: 0
[14:56:18] [Trend] EXEC: SELL 1 BRITANNIA.NS @ 5,615.00 | Strat Cash: 598,417.49 | Pos: 0
[14:56:18] [MeanReversion] EXEC: SELL 2 HEROMOTOCO.NS @ 4,322.10 | Strat Cash: 355,620.31 | Pos: 0
[14:56:18] [MeanReversion] EXEC: SELL 11 SBIN.NS @ 798.35 | Strat Cash: 364,402.16 | Pos: 0
[14:56:18] [MeanReversion] EXEC: SELL 46 TATASTEEL.NS @ 161.62 | Strat Cash: 371,836.68 | Pos: 0
[14:57:19] [Trend] EXEC: SELL 1 EICHERMOT.NS @ 5,460.00 | Strat Cash: 603,877.49 | Pos: 0
[14:59:23] [MeanReversion] EXEC: BUY 4 CIPLA.NS @ 1,574.10 | Strat Cash: 365,540.28 | Pos: 4
[14:59:23] [MeanReversion] EXEC: SELL 12 HINDALCO.NS @ 692.45 | Strat Cash: 373,849.68 | Pos: 0
[15:00:24] [Trend] EXEC: SELL 4 ASIANPAINT.NS @ 2,393.50 | Strat Cash: 613,451.49 | Pos: 0
[15:00:24] [MeanReversion] EXEC: BUY 22 BPCL.NS @ 334.55 | Strat Cash: 366,489.58 | Pos: 22
[15:00:24] [MeanReversion] EXEC: BUY 1 DIVISLAB.NS @ 6,667.50 | Strat Cash: 359,822.08 | Pos: 1
[15:00:24] [MeanReversion] EXEC: SELL 4 HDFCBANK.NS @ 2,018.10 | Strat Cash: 367,894.48 | Pos: 0
[15:00:24] [MeanReversion] EXEC: BUY 6 TATACONSUM.NS @ 1,061.80 | Strat Cash: 361,523.68 | Pos: 6
[15:01:26] [Trend] EXEC: SELL 3 HINDUNILVR.NS @ 2,452.00 | Strat Cash: 620,807.49 | Pos: 0
[15:01:26] [MeanReversion] EXEC: SELL 5 ICICIBANK.NS @ 1,485.20 | Strat Cash: 368,949.68 | Pos: 0
[15:01:26] [Trend] EXEC: BUY 15 INDUSINDBK.NS @ 809.25 | Strat Cash: 608,668.74 | Pos: 15
[15:02:28] [Trend] EXEC: BUY 6 SBILIFE.NS @ 1,832.80 | Strat Cash: 597,671.94 | Pos: 6
[15:03:29] [Trend] EXEC: BUY 8 ADANIPORTS.NS @ 1,394.80 | Strat Cash: 586,513.54 | Pos: 8
[15:03:29] [MeanReversion] EXEC: SELL 22 BPCL.NS @ 335.25 | Strat Cash: 376,325.18 | Pos: 0
[15:03:29] [MeanReversion] EXEC: SELL 24 ITC.NS @ 408.65 | Strat Cash: 386,132.78 | Pos: 0
[15:04:31] [Trend] EXEC: BUY 48 ONGC.NS @ 241.47 | Strat Cash: 574,922.98 | Pos: 48
[15:05:33] [Trend] EXEC: BUY 7 HCLTECH.NS @ 1,472.70 | Strat Cash: 564,614.08 | Pos: 7
[15:05:33] [Trend] EXEC: BUY 33 NTPC.NS @ 334.30 | Strat Cash: 553,582.18 | Pos: 33
[15:06:34] [Trend] EXEC: BUY 4 ADANIENT.NS @ 2,550.00 | Strat Cash: 543,382.18 | Pos: 4
[15:07:36] [Trend] EXEC: SELL 6 CIPLA.NS @ 1,574.90 | Strat Cash: 552,831.58 | Pos: 0
[15:08:37] [MeanReversion] EXEC: BUY 1 LTIM.NS @ 5,070.00 | Strat Cash: 381,062.78 | Pos: 1
[15:08:37] [Trend] EXEC: BUY 13 SBIN.NS @ 799.15 | Strat Cash: 542,442.63 | Pos: 13
[15:09:39] [Trend] EXEC: BUY 15 TATAMOTORS.NS @ 691.55 | Strat Cash: 532,069.38 | Pos: 15
[15:10:42] [Trend] EXEC: SELL 1 DIVISLAB.NS @ 6,673.50 | Strat Cash: 538,742.88 | Pos: 0
[15:10:42] [Trend] EXEC: BUY 2 HEROMOTOCO.NS @ 4,325.10 | Strat Cash: 530,092.68 | Pos: 2
[15:10:42] [Trend] EXEC: SELL 1 LTIM.NS @ 5,063.00 | Strat Cash: 535,155.68 | Pos: 0
[15:11:43] [MeanReversion] EXEC: BUY 2 ADANIENT.NS @ 2,544.90 | Strat Cash: 375,972.98 | Pos: 2
[15:11:43] [MeanReversion] EXEC: BUY 3 BAJAJFINSV.NS @ 1,970.40 | Strat Cash: 370,061.78 | Pos: 3
[15:11:43] [Trend] EXEC: BUY 15 HINDALCO.NS @ 692.45 | Strat Cash: 524,768.93 | Pos: 15
[15:11:43] [Trend] EXEC: BUY 4 HINDUNILVR.NS @ 2,453.90 | Strat Cash: 514,953.33 | Pos: 4
[15:11:43] [Trend] EXEC: SELL 7 SUNPHARMA.NS @ 1,709.60 | Strat Cash: 526,920.53 | Pos: 0
[15:12:45] [Trend] EXEC: BUY 14 UPL.NS @ 726.75 | Strat Cash: 516,746.03 | Pos: 14
[15:13:46] [MeanReversion] EXEC: BUY 7 JSWSTEEL.NS @ 1,035.60 | Strat Cash: 362,812.58 | Pos: 7
[15:14:48] [Trend] EXEC: BUY 1 EICHERMOT.NS @ 5,474.00 | Strat Cash: 511,272.03 | Pos: 1
[15:14:48] [Trend] EXEC: BUY 5 HDFCBANK.NS @ 2,019.90 | Strat Cash: 501,172.53 | Pos: 5
[15:14:48] [Trend] EXEC: BUY 6 ICICIBANK.NS @ 1,486.00 | Strat Cash: 492,256.53 | Pos: 6
[15:14:48] [Trend] EXEC: BUY 2 LT.NS @ 3,495.40 | Strat Cash: 485,265.73 | Pos: 2
[15:14:48] [MeanReversion] EXEC: SELL 11 TATAMOTORS.NS @ 692.35 | Strat Cash: 370,428.43 | Pos: 0
[15:15:49] [Trend] EXEC: BUY 9 AXISBANK.NS @ 1,067.20 | Strat Cash: 475,660.93 | Pos: 9
[15:15:49] [MeanReversion] EXEC: SELL 1 BAJAJ-AUTO.NS @ 8,127.50 | Strat Cash: 378,555.93 | Pos: 0
[15:17:55] [Trend] EXEC: BUY 58 TATASTEEL.NS @ 161.62 | Strat Cash: 466,286.97 | Pos: 58
[15:18:56] [Trend] EXEC: SELL 9 AXISBANK.NS @ 1,063.60 | Strat Cash: 475,859.37 | Pos: 0
[15:19:58] [Trend] EXEC: BUY 4 BHARTIARTL.NS @ 1,920.00 | Strat Cash: 468,179.37 | Pos: 4
[15:19:58] [MeanReversion] EXEC: SELL 3 M&M.NS @ 3,198.00 | Strat Cash: 388,149.93 | Pos: 0
[15:22:01] [Trend] EXEC: BUY 3 ASIANPAINT.NS @ 2,403.00 | Strat Cash: 460,970.37 | Pos: 3
[15:22:01] [Trend] EXEC: BUY 1 DIVISLAB.NS @ 6,685.00 | Strat Cash: 454,285.37 | Pos: 1
[15:22:01] [MeanReversion] EXEC: BUY 30 WIPRO.NS @ 251.15 | Strat Cash: 380,615.43 | Pos: 30
[15:23:04] [Trend] EXEC: BUY 1 BAJAJ-AUTO.NS @ 8,136.50 | Strat Cash: 446,148.87 | Pos: 1
[15:23:04] [Trend] EXEC: BUY 26 BPCL.NS @ 335.25 | Strat Cash: 437,432.37 | Pos: 26
[15:23:04] [MeanReversion] EXEC: BUY 5 HCLTECH.NS @ 1,470.50 | Strat Cash: 373,262.93 | Pos: 5
[15:24:05] [MeanReversion] EXEC: SELL 2 ADANIENT.NS @ 2,553.80 | Strat Cash: 378,370.53 | Pos: 0
[15:24:05] [Trend] EXEC: SELL 26 BPCL.NS @ 334.80 | Strat Cash: 446,137.17 | Pos: 0
[15:24:05] [MeanReversion] EXEC: BUY 22 BPCL.NS @ 334.80 | Strat Cash: 371,004.93 | Pos: 22
[15:24:05] [Trend] EXEC: BUY 2 M&M.NS @ 3,207.90 | Strat Cash: 439,721.37 | Pos: 2
[15:24:05] [Trend] EXEC: SELL 14 UPL.NS @ 724.95 | Strat Cash: 449,870.67 | Pos: 0
[15:25:07] [Trend] EXEC: BUY 5 INFY.NS @ 1,514.50 | Strat Cash: 442,298.17 | Pos: 5
[15:25:07] [Trend] EXEC: BUY 30 POWERGRID.NS @ 293.30 | Strat Cash: 433,499.17 | Pos: 30
[15:25:07] [MeanReversion] EXEC: SELL 3 SBILIFE.NS @ 1,835.00 | Strat Cash: 376,509.93 | Pos: 0
[15:25:07] [MeanReversion] EXEC: SELL 6 TATACONSUM.NS @ 1,062.80 | Strat Cash: 382,886.73 | Pos: 0
[15:25:07] [Trend] EXEC: SELL 27 WIPRO.NS @ 251.00 | Strat Cash: 440,276.17 | Pos: 0
[15:26:09] [Trend] EXEC: BUY 1 BRITANNIA.NS @ 5,631.00 | Strat Cash: 434,645.17 | Pos: 1
[15:26:09] [MeanReversion] EXEC: BUY 18 ITC.NS @ 408.10 | Strat Cash: 375,540.93 | Pos: 18
[15:26:09] [MeanReversion] EXEC: SELL 4 SUNPHARMA.NS @ 1,712.30 | Strat Cash: 382,390.13 | Pos: 0
[15:26:09] [MeanReversion] EXEC: SELL 5 TECHM.NS @ 1,455.90 | Strat Cash: 389,669.63 | Pos: 0
[15:28:13] [Trend] EXEC: SELL 6 KOTAKBANK.NS @ 1,970.00 | Strat Cash: 446,465.17 | Pos: 0
[15:29:21] [MeanReversion] EXEC: SELL 1 BRITANNIA.NS @ 5,642.00 | Strat Cash: 395,311.63 | Pos: 0
[15:29:21] [MeanReversion] EXEC: SELL 2 NESTLEIND.NS @ 2,230.00 | Strat Cash: 399,771.63 | Pos: 0
[15:29:21] [MeanReversion] EXEC: SELL 33 ONGC.NS @ 241.74 | Strat Cash: 407,749.05 | Pos: 0
[15:29:21] [MeanReversion] EXEC: SELL 27 POWERGRID.NS @ 293.35 | Strat Cash: 415,669.50 | Pos: 0
