[16:24:27] Dashboard trade log initialized.
[09:17:00] [Trend] EXEC: BUY 2 MARUTI.NS @ 3,855.62 | Strat Cash: 492,288.76 | Pos: 2
[09:20:00] [Trend] EXEC: BUY 3 ULTRACEMCO.NS @ 2,997.03 | Strat Cash: 483,297.67 | Pos: 3
[09:25:00] [Trend] EXEC: BUY 9 TCS.NS @ 1,072.21 | Strat Cash: 473,647.81 | Pos: 9
[09:27:00] [Trend] EXEC: BUY 12 HINDUNILVR.NS @ 774.70 | Strat Cash: 464,351.42 | Pos: 12
[09:28:00] [Trend] EXEC: BUY 7 APOLLOHOSP.NS @ 1,286.21 | Strat Cash: 455,347.92 | Pos: 7
[09:30:00] [Trend] EXEC: BUY 4 BAJAJ-AUTO.NS @ 1,907.18 | Strat Cash: 447,719.22 | Pos: 4
[09:35:00] [Trend] EXEC: BUY 16 AXISBANK.NS @ 549.15 | Strat Cash: 438,932.81 | Pos: 16
[09:35:00] [Trend] EXEC: BUY 16 GRASIM.NS @ 539.10 | Strat Cash: 430,307.25 | Pos: 16
[09:36:00] [Trend] EXEC: BUY 24 HCLTECH.NS @ 355.00 | Strat Cash: 421,787.36 | Pos: 24
[09:36:00] [MeanReversion] EXEC: BUY 9 TCS.NS @ 1,067.98 | Strat Cash: 490,388.18 | Pos: 9
[09:37:00] [MeanReversion] EXEC: BUY 9 LT.NS @ 1,011.77 | Strat Cash: 481,282.30 | Pos: 9
[09:37:00] [MeanReversion] EXEC: BUY 2 MARUTI.NS @ 3,850.07 | Strat Cash: 473,582.16 | Pos: 2
[09:39:00] [Trend] EXEC: BUY 14 M&M.NS @ 600.86 | Strat Cash: 413,375.26 | Pos: 14
[09:39:00] [Trend] EXEC: BUY 14 NESTLEIND.NS @ 556.74 | Strat Cash: 405,580.89 | Pos: 14
[09:41:00] [Trend] EXEC: BUY 9 DIVISLAB.NS @ 877.79 | Strat Cash: 397,680.83 | Pos: 9
[09:42:00] [MeanReversion] EXEC: BUY 15 CIPLA.NS @ 627.69 | Strat Cash: 464,166.79 | Pos: 15
[09:42:00] [Trend] EXEC: SELL 9 TCS.NS @ 1,067.83 | Strat Cash: 407,291.29 | Pos: 0
[09:45:00] [Trend] EXEC: BUY 23 BHARTIARTL.NS @ 349.85 | Strat Cash: 399,244.69 | Pos: 23
[09:45:00] [Trend] EXEC: BUY 19 INFY.NS @ 417.15 | Strat Cash: 391,318.86 | Pos: 19
[09:45:00] [Trend] EXEC: SELL 2 MARUTI.NS @ 3,846.85 | Strat Cash: 399,012.56 | Pos: 0
[09:46:00] [MeanReversion] EXEC: BUY 13 SBILIFE.NS @ 693.34 | Strat Cash: 455,153.33 | Pos: 13
[09:48:00] [MeanReversion] EXEC: BUY 4 HEROMOTOCO.NS @ 1,860.64 | Strat Cash: 447,710.76 | Pos: 4
[09:49:00] [Trend] EXEC: BUY 26 ADANIPORTS.NS @ 297.54 | Strat Cash: 391,276.61 | Pos: 26
[09:51:00] [Trend] EXEC: BUY 50 ITC.NS @ 153.77 | Strat Cash: 383,587.87 | Pos: 50
[09:51:00] [MeanReversion] EXEC: BUY 20 TECHM.NS @ 439.61 | Strat Cash: 438,918.47 | Pos: 20
[09:52:00] [MeanReversion] EXEC: BUY 36 ICICIBANK.NS @ 242.90 | Strat Cash: 430,173.94 | Pos: 36
[09:52:00] [Trend] EXEC: SELL 50 ITC.NS @ 153.74 | Strat Cash: 391,275.01 | Pos: 0
[09:52:00] [MeanReversion] EXEC: BUY 15 NESTLEIND.NS @ 554.80 | Strat Cash: 421,851.99 | Pos: 15
[09:52:00] [Trend] EXEC: BUY 33 SBIN.NS @ 234.74 | Strat Cash: 383,528.44 | Pos: 33
[09:52:00] [Trend] EXEC: BUY 20 TATAMOTORS.NS @ 366.69 | Strat Cash: 376,194.56 | Pos: 20
[09:53:00] [Trend] EXEC: BUY 48 ITC.NS @ 153.75 | Strat Cash: 368,814.51 | Pos: 48
[09:54:00] [MeanReversion] EXEC: BUY 11 SUNPHARMA.NS @ 753.82 | Strat Cash: 413,559.98 | Pos: 11
[09:54:00] [Trend] EXEC: BUY 22 TITAN.NS @ 328.18 | Strat Cash: 361,594.64 | Pos: 22
[09:55:00] [MeanReversion] EXEC: BUY 10 ASIANPAINT.NS @ 770.21 | Strat Cash: 405,857.84 | Pos: 10
[09:55:00] [Trend] EXEC: SELL 22 TITAN.NS @ 328.23 | Strat Cash: 368,815.67 | Pos: 0
[09:55:00] [Trend] EXEC: BUY 23 UPL.NS @ 318.48 | Strat Cash: 361,490.60 | Pos: 23
[09:56:00] [Trend] EXEC: BUY 10 DRREDDY.NS @ 701.07 | Strat Cash: 354,479.92 | Pos: 10
[09:56:00] [Trend] EXEC: BUY 21 TITAN.NS @ 328.25 | Strat Cash: 347,586.67 | Pos: 21
[09:57:00] [MeanReversion] EXEC: BUY 13 LTIM.NS @ 609.69 | Strat Cash: 397,931.83 | Pos: 13
[09:58:00] [MeanReversion] EXEC: BUY 46 BAJAJFINSV.NS @ 171.25 | Strat Cash: 390,054.16 | Pos: 46
[09:58:00] [MeanReversion] EXEC: BUY 13 M&M.NS @ 599.53 | Strat Cash: 382,260.30 | Pos: 13
[09:58:00] [MeanReversion] EXEC: SELL 11 SUNPHARMA.NS @ 756.42 | Strat Cash: 390,580.95 | Pos: 0
[09:59:00] [MeanReversion] EXEC: BUY 8 DIVISLAB.NS @ 875.72 | Strat Cash: 383,575.15 | Pos: 8
[09:59:00] [MeanReversion] EXEC: BUY 9 HINDUNILVR.NS @ 772.31 | Strat Cash: 376,624.33 | Pos: 9
[09:59:00] [Trend] EXEC: SELL 14 NESTLEIND.NS @ 555.18 | Strat Cash: 355,359.20 | Pos: 0
[10:00:00] [MeanReversion] EXEC: SELL 15 CIPLA.NS @ 629.24 | Strat Cash: 386,063.00 | Pos: 0
[10:00:00] [MeanReversion] EXEC: BUY 8 INDUSINDBK.NS @ 892.09 | Strat Cash: 378,926.24 | Pos: 8
[10:00:00] [MeanReversion] EXEC: SELL 2 MARUTI.NS @ 3,852.51 | Strat Cash: 386,631.25 | Pos: 0
[10:01:00] [Trend] EXEC: SELL 12 HINDUNILVR.NS @ 772.22 | Strat Cash: 364,625.79 | Pos: 0
[10:02:00] [Trend] EXEC: BUY 5 BRITANNIA.NS @ 1,316.90 | Strat Cash: 358,041.29 | Pos: 5
[10:02:00] [Trend] EXEC: SELL 9 DIVISLAB.NS @ 876.38 | Strat Cash: 365,928.71 | Pos: 0
[10:02:00] [Trend] EXEC: SELL 23 UPL.NS @ 318.27 | Strat Cash: 373,248.87 | Pos: 0
[10:03:00] [Trend] EXEC: SELL 16 AXISBANK.NS @ 547.40 | Strat Cash: 382,007.27 | Pos: 0
[10:03:00] [Trend] EXEC: SELL 14 M&M.NS @ 598.24 | Strat Cash: 390,382.56 | Pos: 0
[10:03:00] [MeanReversion] EXEC: BUY 33 SBIN.NS @ 233.71 | Strat Cash: 378,918.66 | Pos: 33
[10:04:00] [MeanReversion] EXEC: SELL 15 NESTLEIND.NS @ 556.25 | Strat Cash: 387,262.46 | Pos: 0
[10:04:00] [MeanReversion] EXEC: BUY 2 ULTRACEMCO.NS @ 2,990.50 | Strat Cash: 381,281.46 | Pos: 2
[10:06:00] [MeanReversion] EXEC: BUY 5 APOLLOHOSP.NS @ 1,284.66 | Strat Cash: 374,858.18 | Pos: 5
[10:06:00] [MeanReversion] EXEC: BUY 10 DRREDDY.NS @ 699.28 | Strat Cash: 367,865.37 | Pos: 10
[10:06:00] [MeanReversion] EXEC: SELL 4 HEROMOTOCO.NS @ 1,863.98 | Strat Cash: 375,321.30 | Pos: 0
[10:06:00] [Trend] EXEC: BUY 98 NTPC.NS @ 79.48 | Strat Cash: 382,593.32 | Pos: 98
[10:06:00] [Trend] EXEC: SELL 3 ULTRACEMCO.NS @ 2,991.16 | Strat Cash: 391,566.80 | Pos: 0
[10:07:00] [MeanReversion] EXEC: BUY 4 EICHERMOT.NS @ 1,827.11 | Strat Cash: 368,012.88 | Pos: 4
[10:07:00] [MeanReversion] EXEC: SELL 20 TECHM.NS @ 441.12 | Strat Cash: 376,835.33 | Pos: 0
[10:07:00] [MeanReversion] EXEC: BUY 78 WIPRO.NS @ 95.50 | Strat Cash: 369,386.27 | Pos: 78
[10:08:00] [Trend] EXEC: BUY 15 HDFCBANK.NS @ 511.26 | Strat Cash: 383,897.91 | Pos: 15
[10:09:00] [MeanReversion] EXEC: SELL 9 TCS.NS @ 1,069.97 | Strat Cash: 379,016.03 | Pos: 0
[10:10:00] [Trend] EXEC: BUY 77 HINDALCO.NS @ 98.59 | Strat Cash: 376,306.33 | Pos: 77
[10:10:00] [Trend] EXEC: BUY 10 KOTAKBANK.NS @ 726.52 | Strat Cash: 369,041.11 | Pos: 10
[10:10:00] [MeanReversion] EXEC: BUY 34 RELIANCE.NS @ 219.76 | Strat Cash: 371,544.08 | Pos: 34
[10:10:00] [Trend] EXEC: SELL 33 SBIN.NS @ 233.88 | Strat Cash: 376,759.16 | Pos: 0
[10:10:00] [Trend] EXEC: BUY 62 TATACONSUM.NS @ 121.39 | Strat Cash: 369,232.79 | Pos: 62
[10:11:00] [Trend] EXEC: BUY 142 BAJFINANCE.NS @ 51.93 | Strat Cash: 361,858.35 | Pos: 142
[10:12:00] [MeanReversion] EXEC: SELL 8 DIVISLAB.NS @ 877.82 | Strat Cash: 378,566.67 | Pos: 0
[10:12:00] [MeanReversion] EXEC: SELL 13 SBILIFE.NS @ 695.06 | Strat Cash: 387,602.50 | Pos: 0
[10:13:00] [Trend] EXEC: SELL 7 APOLLOHOSP.NS @ 1,283.33 | Strat Cash: 370,841.68 | Pos: 0
[10:13:00] [Trend] EXEC: SELL 16 GRASIM.NS @ 538.54 | Strat Cash: 379,458.25 | Pos: 0
[10:13:00] [Trend] EXEC: BUY 22 HDFCLIFE.NS @ 337.01 | Strat Cash: 372,044.00 | Pos: 22
[10:13:00] [Trend] EXEC: BUY 1 MARUTI.NS @ 3,855.31 | Strat Cash: 368,188.69 | Pos: 1
[10:14:00] [MeanReversion] EXEC: SELL 10 ASIANPAINT.NS @ 772.17 | Strat Cash: 395,324.20 | Pos: 0
[10:14:00] [MeanReversion] EXEC: BUY 4 BAJAJ-AUTO.NS @ 1,901.57 | Strat Cash: 387,717.94 | Pos: 4
[10:14:00] [MeanReversion] EXEC: BUY 22 BHARTIARTL.NS @ 349.76 | Strat Cash: 380,023.32 | Pos: 22
[10:14:00] [MeanReversion] EXEC: BUY 70 ONGC.NS @ 108.32 | Strat Cash: 372,440.76 | Pos: 70
[10:15:00] [MeanReversion] EXEC: BUY 25 ADANIPORTS.NS @ 297.02 | Strat Cash: 365,015.19 | Pos: 25
[10:15:00] [Trend] EXEC: SELL 4 BAJAJ-AUTO.NS @ 1,902.90 | Strat Cash: 375,800.29 | Pos: 0
[10:15:00] [Trend] EXEC: BUY 11 CIPLA.NS @ 629.01 | Strat Cash: 368,881.23 | Pos: 11
[10:15:00] [Trend] EXEC: SELL 10 DRREDDY.NS @ 699.35 | Strat Cash: 375,874.70 | Pos: 0
[10:15:00] [MeanReversion] EXEC: BUY 3 HEROMOTOCO.NS @ 1,856.84 | Strat Cash: 359,444.67 | Pos: 3
[10:16:00] [MeanReversion] EXEC: BUY 37 COALINDIA.NS @ 190.13 | Strat Cash: 352,409.95 | Pos: 37
[10:16:00] [MeanReversion] EXEC: SELL 36 ICICIBANK.NS @ 243.59 | Strat Cash: 361,179.31 | Pos: 0
[10:17:00] [MeanReversion] EXEC: BUY 13 GRASIM.NS @ 537.94 | Strat Cash: 354,186.04 | Pos: 13
[10:17:00] [MeanReversion] EXEC: BUY 6 TCS.NS @ 1,066.94 | Strat Cash: 347,784.43 | Pos: 6
[10:17:00] [Trend] EXEC: BUY 17 TECHM.NS @ 441.65 | Strat Cash: 368,366.60 | Pos: 17
[10:18:00] [Trend] EXEC: BUY 9 ASIANPAINT.NS @ 771.79 | Strat Cash: 361,420.45 | Pos: 9
[10:18:00] [MeanReversion] EXEC: BUY 21 UPL.NS @ 317.22 | Strat Cash: 341,122.72 | Pos: 21
[10:20:00] [MeanReversion] EXEC: BUY 12 AXISBANK.NS @ 546.78 | Strat Cash: 334,561.42 | Pos: 12
[10:20:00] [MeanReversion] EXEC: SELL 33 SBIN.NS @ 234.12 | Strat Cash: 342,287.22 | Pos: 0
[10:21:00] [Trend] EXEC: SELL 9 ASIANPAINT.NS @ 770.69 | Strat Cash: 368,356.69 | Pos: 0
[10:21:00] [Trend] EXEC: BUY 13 NESTLEIND.NS @ 556.28 | Strat Cash: 361,125.02 | Pos: 13
[10:22:00] [Trend] EXEC: BUY 29 ICICIBANK.NS @ 243.86 | Strat Cash: 354,052.95 | Pos: 29
[10:23:00] [MeanReversion] EXEC: BUY 20 HDFCLIFE.NS @ 336.35 | Strat Cash: 335,560.24 | Pos: 20
[10:23:00] [MeanReversion] EXEC: BUY 9 SBILIFE.NS @ 692.89 | Strat Cash: 329,324.19 | Pos: 9
[10:23:00] [MeanReversion] EXEC: SELL 78 WIPRO.NS @ 95.66 | Strat Cash: 336,785.88 | Pos: 0
[10:24:00] [MeanReversion] EXEC: SELL 34 RELIANCE.NS @ 220.24 | Strat Cash: 344,274.15 | Pos: 0
[10:24:00] [MeanReversion] EXEC: SELL 2 ULTRACEMCO.NS @ 2,996.64 | Strat Cash: 350,267.44 | Pos: 0
[10:25:00] [MeanReversion] EXEC: BUY 45 ITC.NS @ 153.63 | Strat Cash: 343,354.13 | Pos: 45
[10:26:00] [MeanReversion] EXEC: BUY 168 ADANIENT.NS @ 40.83 | Strat Cash: 336,495.48 | Pos: 168
[10:26:00] [Trend] EXEC: BUY 9 ASIANPAINT.NS @ 771.95 | Strat Cash: 347,105.37 | Pos: 9
[10:26:00] [Trend] EXEC: BUY 72 BPCL.NS @ 95.85 | Strat Cash: 340,204.28 | Pos: 72
[10:26:00] [MeanReversion] EXEC: BUY 20 TITAN.NS @ 328.41 | Strat Cash: 329,927.27 | Pos: 20
[10:27:00] [MeanReversion] EXEC: BUY 7 DIVISLAB.NS @ 874.94 | Strat Cash: 323,802.68 | Pos: 7
[10:27:00] [Trend] EXEC: SELL 22 HDFCLIFE.NS @ 335.69 | Strat Cash: 347,589.42 | Pos: 0
[10:27:00] [Trend] EXEC: SELL 62 TATACONSUM.NS @ 121.07 | Strat Cash: 355,095.94 | Pos: 0
[10:28:00] [MeanReversion] EXEC: BUY 12 HDFCBANK.NS @ 510.37 | Strat Cash: 317,678.26 | Pos: 12
[10:29:00] [MeanReversion] EXEC: SELL 70 ONGC.NS @ 108.71 | Strat Cash: 325,288.08 | Pos: 0
[10:29:00] [MeanReversion] EXEC: BUY 53 TATACONSUM.NS @ 120.90 | Strat Cash: 318,880.61 | Pos: 53
[10:31:00] [Trend] EXEC: BUY 65 ONGC.NS @ 108.82 | Strat Cash: 348,022.48 | Pos: 65
[10:31:00] [Trend] EXEC: BUY 72 WIPRO.NS @ 95.97 | Strat Cash: 341,112.65 | Pos: 72
[10:32:00] [Trend] EXEC: SELL 15 HDFCBANK.NS @ 509.29 | Strat Cash: 348,751.94 | Pos: 0
[10:32:00] [Trend] EXEC: SELL 48 ITC.NS @ 153.49 | Strat Cash: 356,119.35 | Pos: 0
[10:33:00] [MeanReversion] EXEC: SELL 9 HINDUNILVR.NS @ 773.24 | Strat Cash: 325,839.74 | Pos: 0
[10:34:00] [Trend] EXEC: SELL 20 TATAMOTORS.NS @ 366.15 | Strat Cash: 363,442.30 | Pos: 0
[10:34:00] [Trend] EXEC: BUY 2 ULTRACEMCO.NS @ 3,004.47 | Strat Cash: 357,433.35 | Pos: 2
[10:35:00] [MeanReversion] EXEC: SELL 3 HEROMOTOCO.NS @ 1,858.77 | Strat Cash: 331,416.06 | Pos: 0
[10:36:00] [MeanReversion] EXEC: BUY 91 JSWSTEEL.NS @ 72.62 | Strat Cash: 324,807.85 | Pos: 91
[10:36:00] [MeanReversion] EXEC: BUY 11 NESTLEIND.NS @ 554.99 | Strat Cash: 318,703.00 | Pos: 11
[10:36:00] [Trend] EXEC: BUY 6 TCS.NS @ 1,070.36 | Strat Cash: 351,011.21 | Pos: 6
[10:37:00] [MeanReversion] EXEC: SELL 10 DRREDDY.NS @ 699.81 | Strat Cash: 325,701.15 | Pos: 0
[10:39:00] [MeanReversion] EXEC: SELL 168 ADANIENT.NS @ 41.02 | Strat Cash: 332,591.69 | Pos: 0
[10:39:00] [MeanReversion] EXEC: SELL 22 BHARTIARTL.NS @ 351.44 | Strat Cash: 340,323.31 | Pos: 0
[10:39:00] [MeanReversion] EXEC: BUY 27 ICICIBANK.NS @ 243.22 | Strat Cash: 333,756.28 | Pos: 27
[10:39:00] [Trend] EXEC: BUY 381 TATASTEEL.NS @ 18.41 | Strat Cash: 343,996.76 | Pos: 381
[10:39:00] [Trend] EXEC: SELL 21 TITAN.NS @ 328.84 | Strat Cash: 350,902.37 | Pos: 0
[10:40:00] [MeanReversion] EXEC: BUY 18 HCLTECH.NS @ 355.07 | Strat Cash: 327,365.03 | Pos: 18
[10:40:00] [Trend] EXEC: BUY 11 LTIM.NS @ 610.48 | Strat Cash: 344,187.09 | Pos: 11
[10:40:00] [MeanReversion] EXEC: SELL 13 LTIM.NS @ 610.48 | Strat Cash: 335,301.28 | Pos: 0
[10:40:00] [Trend] EXEC: SELL 13 NESTLEIND.NS @ 554.17 | Strat Cash: 351,391.30 | Pos: 0
[10:41:00] [Trend] EXEC: BUY 9 HINDUNILVR.NS @ 773.63 | Strat Cash: 344,428.62 | Pos: 9
[10:41:00] [Trend] EXEC: BUY 29 SBIN.NS @ 234.40 | Strat Cash: 337,630.88 | Pos: 29
[10:42:00] [Trend] EXEC: BUY 164 ADANIENT.NS @ 41.08 | Strat Cash: 330,893.10 | Pos: 164
[10:42:00] [MeanReversion] EXEC: SELL 4 EICHERMOT.NS @ 1,827.14 | Strat Cash: 342,609.85 | Pos: 0
[10:43:00] [Trend] EXEC: BUY 34 COALINDIA.NS @ 190.75 | Strat Cash: 324,407.47 | Pos: 34
[10:44:00] [Trend] EXEC: BUY 9 DRREDDY.NS @ 701.49 | Strat Cash: 318,094.04 | Pos: 9
[10:44:00] [MeanReversion] EXEC: BUY 9 SUNPHARMA.NS @ 754.27 | Strat Cash: 335,821.38 | Pos: 9
[10:45:00] [Trend] EXEC: BUY 9 SBILIFE.NS @ 694.93 | Strat Cash: 311,839.70 | Pos: 9
[10:46:00] [MeanReversion] EXEC: SELL 13 M&M.NS @ 595.79 | Strat Cash: 343,566.69 | Pos: 0
[10:46:00] [MeanReversion] EXEC: SELL 9 SBILIFE.NS @ 695.68 | Strat Cash: 349,827.83 | Pos: 0
[10:47:00] [Trend] EXEC: SELL 24 HCLTECH.NS @ 354.63 | Strat Cash: 320,350.83 | Pos: 0
[10:50:00] [MeanReversion] EXEC: SELL 12 AXISBANK.NS @ 548.02 | Strat Cash: 356,404.07 | Pos: 0
[10:50:00] [Trend] EXEC: SELL 29 ICICIBANK.NS @ 243.35 | Strat Cash: 327,407.87 | Pos: 0
[10:50:00] [MeanReversion] EXEC: SELL 21 UPL.NS @ 317.54 | Strat Cash: 363,072.47 | Pos: 0
[10:52:00] [MeanReversion] EXEC: SELL 46 BAJAJFINSV.NS @ 171.08 | Strat Cash: 370,942.36 | Pos: 0
[10:52:00] [MeanReversion] EXEC: SELL 7 DIVISLAB.NS @ 876.48 | Strat Cash: 377,077.71 | Pos: 0
[10:52:00] [MeanReversion] EXEC: BUY 76 HINDALCO.NS @ 98.39 | Strat Cash: 369,600.08 | Pos: 76
[10:53:00] [Trend] EXEC: SELL 77 HINDALCO.NS @ 98.35 | Strat Cash: 334,980.82 | Pos: 0
[10:53:00] [MeanReversion] EXEC: BUY 10 KOTAKBANK.NS @ 725.56 | Strat Cash: 362,344.49 | Pos: 10
[10:53:00] [Trend] EXEC: BUY 128 POWERGRID.NS @ 52.10 | Strat Cash: 328,311.46 | Pos: 128
[10:53:00] [MeanReversion] EXEC: SELL 9 SUNPHARMA.NS @ 756.51 | Strat Cash: 369,153.11 | Pos: 0
[10:54:00] [MeanReversion] EXEC: BUY 10 DRREDDY.NS @ 698.98 | Strat Cash: 362,163.27 | Pos: 10
[10:54:00] [MeanReversion] EXEC: BUY 17 INFY.NS @ 417.83 | Strat Cash: 355,060.19 | Pos: 17
[10:54:00] [MeanReversion] EXEC: BUY 386 TATASTEEL.NS @ 18.37 | Strat Cash: 347,969.59 | Pos: 386
[10:56:00] [Trend] EXEC: BUY 3 EICHERMOT.NS @ 1,827.64 | Strat Cash: 322,828.54 | Pos: 3
[10:57:00] [Trend] EXEC: BUY 7 DIVISLAB.NS @ 877.40 | Strat Cash: 316,686.73 | Pos: 7
[10:57:00] [MeanReversion] EXEC: BUY 9 HINDUNILVR.NS @ 772.36 | Strat Cash: 341,018.38 | Pos: 9
[10:57:00] [Trend] EXEC: BUY 6 LT.NS @ 1,009.70 | Strat Cash: 310,628.52 | Pos: 6
[10:57:00] [MeanReversion] EXEC: SELL 9 LT.NS @ 1,009.70 | Strat Cash: 350,105.70 | Pos: 0
[10:57:00] [Trend] EXEC: SELL 6 TCS.NS @ 1,068.07 | Strat Cash: 317,036.93 | Pos: 0
[10:58:00] [Trend] EXEC: BUY 36 BAJAJFINSV.NS @ 171.41 | Strat Cash: 310,866.30 | Pos: 36
[10:58:00] [MeanReversion] EXEC: SELL 27 ICICIBANK.NS @ 243.85 | Strat Cash: 356,689.72 | Pos: 0
[10:58:00] [Trend] EXEC: SELL 10 KOTAKBANK.NS @ 724.45 | Strat Cash: 318,110.83 | Pos: 0
[10:59:00] [MeanReversion] EXEC: BUY 3 HEROMOTOCO.NS @ 1,853.19 | Strat Cash: 351,130.15 | Pos: 3
[10:59:00] [Trend] EXEC: BUY 10 M&M.NS @ 598.04 | Strat Cash: 312,130.39 | Pos: 10
[10:59:00] [MeanReversion] EXEC: BUY 15 TECHM.NS @ 441.69 | Strat Cash: 344,504.84 | Pos: 15
[11:00:00] [Trend] EXEC: SELL 19 INFY.NS @ 418.25 | Strat Cash: 320,077.10 | Pos: 0
[11:01:00] [Trend] EXEC: BUY 11 AXISBANK.NS @ 547.84 | Strat Cash: 314,050.91 | Pos: 11
[11:02:00] [Trend] EXEC: SELL 17 TECHM.NS @ 441.83 | Strat Cash: 321,562.02 | Pos: 0
[11:03:00] [MeanReversion] EXEC: BUY 5 BRITANNIA.NS @ 1,317.56 | Strat Cash: 337,917.06 | Pos: 5
[11:03:00] [Trend] EXEC: BUY 8 SUNPHARMA.NS @ 755.96 | Strat Cash: 315,514.32 | Pos: 8
[11:04:00] [MeanReversion] EXEC: BUY 70 BPCL.NS @ 95.70 | Strat Cash: 331,218.07 | Pos: 70
[11:04:00] [Trend] EXEC: SELL 34 COALINDIA.NS @ 190.22 | Strat Cash: 321,981.68 | Pos: 0
[11:04:00] [Trend] EXEC: SELL 9 DRREDDY.NS @ 698.78 | Strat Cash: 328,270.71 | Pos: 0
[11:04:00] [Trend] EXEC: SELL 9 HINDUNILVR.NS @ 771.17 | Strat Cash: 335,211.20 | Pos: 0
[11:04:00] [Trend] EXEC: BUY 27 ICICIBANK.NS @ 244.09 | Strat Cash: 328,620.71 | Pos: 27
[11:05:00] [Trend] EXEC: BUY 17 TATAMOTORS.NS @ 367.04 | Strat Cash: 322,381.11 | Pos: 17
[11:06:00] [Trend] EXEC: SELL 72 BPCL.NS @ 95.65 | Strat Cash: 329,268.16 | Pos: 0
[11:06:00] [Trend] EXEC: SELL 381 TATASTEEL.NS @ 18.43 | Strat Cash: 336,288.21 | Pos: 0
[11:06:00] [MeanReversion] EXEC: BUY 2 ULTRACEMCO.NS @ 2,997.20 | Strat Cash: 325,223.68 | Pos: 2
[11:07:00] [Trend] EXEC: SELL 5 BRITANNIA.NS @ 1,316.65 | Strat Cash: 342,871.47 | Pos: 0
[11:07:00] [MeanReversion] EXEC: SELL 45 ITC.NS @ 152.96 | Strat Cash: 332,106.68 | Pos: 0
[11:07:00] [MeanReversion] EXEC: BUY 9 SBILIFE.NS @ 694.02 | Strat Cash: 325,860.46 | Pos: 9
[11:07:00] [Trend] EXEC: SELL 2 ULTRACEMCO.NS @ 2,997.35 | Strat Cash: 348,866.18 | Pos: 0
[11:08:00] [MeanReversion] EXEC: SELL 20 TITAN.NS @ 329.32 | Strat Cash: 332,446.95 | Pos: 0
[11:09:00] [Trend] EXEC: BUY 21 TITAN.NS @ 329.67 | Strat Cash: 341,943.10 | Pos: 21
[11:11:00] [Trend] EXEC: SELL 9 ASIANPAINT.NS @ 774.30 | Strat Cash: 348,911.79 | Pos: 0
[11:11:00] [MeanReversion] EXEC: SELL 17 INFY.NS @ 419.00 | Strat Cash: 339,569.98 | Pos: 0
[11:13:00] [MeanReversion] EXEC: SELL 5 APOLLOHOSP.NS @ 1,281.26 | Strat Cash: 345,976.28 | Pos: 0
[11:13:00] [MeanReversion] EXEC: BUY 19 BHARTIARTL.NS @ 350.76 | Strat Cash: 339,311.85 | Pos: 19
[11:14:00] [Trend] EXEC: BUY 9 ASIANPAINT.NS @ 775.16 | Strat Cash: 341,935.33 | Pos: 9
[11:14:00] [MeanReversion] EXEC: BUY 3 EICHERMOT.NS @ 1,822.93 | Strat Cash: 333,843.06 | Pos: 3
[11:14:00] [MeanReversion] EXEC: BUY 61 ONGC.NS @ 109.13 | Strat Cash: 327,186.11 | Pos: 61
[11:15:00] [MeanReversion] EXEC: SELL 13 GRASIM.NS @ 538.17 | Strat Cash: 334,182.27 | Pos: 0
[11:16:00] [Trend] EXEC: BUY 371 TATASTEEL.NS @ 18.42 | Strat Cash: 335,103.09 | Pos: 371
[11:17:00] [Trend] EXEC: SELL 23 BHARTIARTL.NS @ 350.52 | Strat Cash: 343,165.05 | Pos: 0
[11:18:00] [MeanReversion] EXEC: SELL 4 BAJAJ-AUTO.NS @ 1,901.17 | Strat Cash: 341,786.95 | Pos: 0
[11:19:00] [Trend] EXEC: SELL 9 SBILIFE.NS @ 694.92 | Strat Cash: 349,419.34 | Pos: 0
[11:20:00] [Trend] EXEC: SELL 26 ADANIPORTS.NS @ 297.43 | Strat Cash: 357,152.50 | Pos: 0
[11:20:00] [MeanReversion] EXEC: SELL 70 BPCL.NS @ 95.87 | Strat Cash: 348,498.07 | Pos: 0
[11:20:00] [MeanReversion] EXEC: SELL 12 HDFCBANK.NS @ 508.91 | Strat Cash: 354,605.04 | Pos: 0
[11:20:00] [MeanReversion] EXEC: SELL 20 HDFCLIFE.NS @ 335.46 | Strat Cash: 361,314.18 | Pos: 0
[11:20:00] [MeanReversion] EXEC: SELL 386 TATASTEEL.NS @ 18.44 | Strat Cash: 368,430.26 | Pos: 0
[11:21:00] [Trend] EXEC: SELL 142 BAJFINANCE.NS @ 52.04 | Strat Cash: 364,542.50 | Pos: 0
[11:21:00] [Trend] EXEC: SELL 3 EICHERMOT.NS @ 1,824.85 | Strat Cash: 370,017.04 | Pos: 0
[11:21:00] [Trend] EXEC: BUY 13 GRASIM.NS @ 538.07 | Strat Cash: 363,022.11 | Pos: 13
[11:22:00] [Trend] EXEC: BUY 47 ITC.NS @ 153.18 | Strat Cash: 355,822.76 | Pos: 47
[11:22:00] [Trend] EXEC: BUY 22 UPL.NS @ 317.91 | Strat Cash: 348,828.66 | Pos: 22
[11:23:00] [Trend] EXEC: SELL 164 ADANIENT.NS @ 41.00 | Strat Cash: 355,552.41 | Pos: 0
[11:23:00] [MeanReversion] EXEC: SELL 3 HEROMOTOCO.NS @ 1,856.67 | Strat Cash: 374,000.26 | Pos: 0
[11:23:00] [MeanReversion] EXEC: BUY 17 INFY.NS @ 417.64 | Strat Cash: 366,900.46 | Pos: 17
[11:24:00] [MeanReversion] EXEC: SELL 10 DRREDDY.NS @ 699.92 | Strat Cash: 373,899.64 | Pos: 0
[11:24:00] [MeanReversion] EXEC: BUY 30 ICICIBANK.NS @ 243.46 | Strat Cash: 366,595.75 | Pos: 30
[11:24:00] [Trend] EXEC: BUY 7 INDUSINDBK.NS @ 891.66 | Strat Cash: 349,310.77 | Pos: 7
[11:24:00] [MeanReversion] EXEC: SELL 8 INDUSINDBK.NS @ 891.66 | Strat Cash: 373,729.04 | Pos: 0
[11:24:00] [Trend] EXEC: BUY 9 KOTAKBANK.NS @ 726.54 | Strat Cash: 342,771.87 | Pos: 9
[11:24:00] [MeanReversion] EXEC: SELL 61 ONGC.NS @ 109.66 | Strat Cash: 380,418.39 | Pos: 0
[11:24:00] [MeanReversion] EXEC: SELL 53 TATACONSUM.NS @ 120.74 | Strat Cash: 386,817.85 | Pos: 0
[11:25:00] [MeanReversion] EXEC: BUY 45 BAJAJFINSV.NS @ 171.07 | Strat Cash: 379,119.83 | Pos: 45
[11:25:00] [Trend] EXEC: SELL 128 POWERGRID.NS @ 52.08 | Strat Cash: 349,437.76 | Pos: 0
[11:25:00] [MeanReversion] EXEC: BUY 34 RELIANCE.NS @ 219.28 | Strat Cash: 371,664.39 | Pos: 34
[11:26:00] [MeanReversion] EXEC: BUY 8 DIVISLAB.NS @ 875.49 | Strat Cash: 364,660.45 | Pos: 8
[11:26:00] [Trend] EXEC: SELL 7 INDUSINDBK.NS @ 890.97 | Strat Cash: 355,674.54 | Pos: 0
[11:26:00] [MeanReversion] EXEC: SELL 2 ULTRACEMCO.NS @ 3,005.70 | Strat Cash: 370,671.84 | Pos: 0
[11:27:00] [Trend] EXEC: BUY 5 APOLLOHOSP.NS @ 1,282.52 | Strat Cash: 349,261.94 | Pos: 5
[11:27:00] [MeanReversion] EXEC: SELL 10 KOTAKBANK.NS @ 727.12 | Strat Cash: 377,943.07 | Pos: 0
[11:28:00] [MeanReversion] EXEC: BUY 1 MARUTI.NS @ 3,855.70 | Strat Cash: 374,087.37 | Pos: 1
[11:28:00] [Trend] EXEC: BUY 2 ULTRACEMCO.NS @ 3,004.64 | Strat Cash: 343,252.67 | Pos: 2
[11:29:00] [Trend] EXEC: BUY 3 BAJAJ-AUTO.NS @ 1,901.27 | Strat Cash: 337,548.87 | Pos: 3
[11:29:00] [Trend] EXEC: BUY 9 DRREDDY.NS @ 700.86 | Strat Cash: 331,241.14 | Pos: 9
[11:29:00] [Trend] EXEC: BUY 7 INDUSINDBK.NS @ 892.13 | Strat Cash: 324,996.22 | Pos: 7
[11:29:00] [MeanReversion] EXEC: SELL 91 JSWSTEEL.NS @ 72.53 | Strat Cash: 380,687.71 | Pos: 0
[11:29:00] [MeanReversion] EXEC: BUY 95 NTPC.NS @ 79.61 | Strat Cash: 373,124.60 | Pos: 95
[11:30:00] [Trend] EXEC: BUY 89 JSWSTEEL.NS @ 72.59 | Strat Cash: 318,535.76 | Pos: 89
[11:31:00] [MeanReversion] EXEC: BUY 13 AXISBANK.NS @ 547.37 | Strat Cash: 366,008.76 | Pos: 13
[11:31:00] [Trend] EXEC: SELL 1 MARUTI.NS @ 3,858.73 | Strat Cash: 322,394.48 | Pos: 0
[11:32:00] [Trend] EXEC: SELL 36 BAJAJFINSV.NS @ 170.98 | Strat Cash: 328,549.76 | Pos: 0
[11:32:00] [MeanReversion] EXEC: SELL 5 BRITANNIA.NS @ 1,317.49 | Strat Cash: 372,596.23 | Pos: 0
[11:32:00] [Trend] EXEC: SELL 7 DIVISLAB.NS @ 876.65 | Strat Cash: 334,686.32 | Pos: 0
[11:32:00] [Trend] EXEC: SELL 27 ICICIBANK.NS @ 243.60 | Strat Cash: 341,263.48 | Pos: 0
[11:33:00] [Trend] EXEC: BUY 13 HDFCBANK.NS @ 509.08 | Strat Cash: 334,645.47 | Pos: 13
[11:33:00] [MeanReversion] EXEC: BUY 7 LT.NS @ 1,009.05 | Strat Cash: 365,532.87 | Pos: 7
[11:34:00] [MeanReversion] EXEC: SELL 25 ADANIPORTS.NS @ 297.98 | Strat Cash: 372,982.34 | Pos: 0
[11:34:00] [Trend] EXEC: BUY 3 HEROMOTOCO.NS @ 1,857.16 | Strat Cash: 329,074.00 | Pos: 3
[11:34:00] [Trend] EXEC: SELL 98 NTPC.NS @ 79.63 | Strat Cash: 336,877.66 | Pos: 0
[11:34:00] [Trend] EXEC: SELL 29 SBIN.NS @ 234.82 | Strat Cash: 343,687.49 | Pos: 0
[11:35:00] [MeanReversion] EXEC: SELL 76 HINDALCO.NS @ 97.99 | Strat Cash: 380,429.47 | Pos: 0
[11:35:00] [MeanReversion] EXEC: BUY 2 ULTRACEMCO.NS @ 2,997.40 | Strat Cash: 374,434.67 | Pos: 2
[11:36:00] [MeanReversion] EXEC: SELL 37 COALINDIA.NS @ 190.21 | Strat Cash: 381,472.28 | Pos: 0
[11:37:00] [MeanReversion] EXEC: BUY 4 BAJAJ-AUTO.NS @ 1,897.10 | Strat Cash: 373,883.90 | Pos: 4
[11:37:00] [MeanReversion] EXEC: BUY 143 BAJFINANCE.NS @ 51.93 | Strat Cash: 366,457.20 | Pos: 143
[11:37:00] [MeanReversion] EXEC: SELL 1 MARUTI.NS @ 3,866.73 | Strat Cash: 370,323.93 | Pos: 0
[11:37:00] [Trend] EXEC: SELL 21 TITAN.NS @ 328.89 | Strat Cash: 350,594.27 | Pos: 0
[11:38:00] [Trend] EXEC: SELL 11 AXISBANK.NS @ 548.59 | Strat Cash: 356,628.75 | Pos: 0
[11:39:00] [MeanReversion] EXEC: BUY 10 DRREDDY.NS @ 698.08 | Strat Cash: 363,343.16 | Pos: 10
[11:39:00] [Trend] EXEC: BUY 21 HDFCLIFE.NS @ 335.75 | Strat Cash: 349,578.02 | Pos: 21
[11:39:00] [Trend] EXEC: SELL 6 LT.NS @ 1,009.22 | Strat Cash: 355,633.32 | Pos: 0
[11:39:00] [Trend] EXEC: BUY 1 MARUTI.NS @ 3,868.50 | Strat Cash: 351,764.82 | Pos: 1
[11:41:00] [MeanReversion] EXEC: BUY 5 APOLLOHOSP.NS @ 1,278.88 | Strat Cash: 356,948.78 | Pos: 5
[11:41:00] [MeanReversion] EXEC: BUY 30 SBIN.NS @ 234.22 | Strat Cash: 349,922.32 | Pos: 30
[11:41:00] [MeanReversion] EXEC: BUY 58 TATACONSUM.NS @ 120.42 | Strat Cash: 342,938.19 | Pos: 58
[11:42:00] [Trend] EXEC: SELL 10 M&M.NS @ 598.05 | Strat Cash: 357,745.31 | Pos: 0
[11:42:00] [MeanReversion] EXEC: SELL 34 RELIANCE.NS @ 219.54 | Strat Cash: 350,402.46 | Pos: 0
[11:43:00] [Trend] EXEC: SELL 3 BAJAJ-AUTO.NS @ 1,894.20 | Strat Cash: 363,427.92 | Pos: 0
[11:44:00] [MeanReversion] EXEC: BUY 134 POWERGRID.NS @ 51.99 | Strat Cash: 343,435.70 | Pos: 134
[11:45:00] [MeanReversion] EXEC: BUY 5 BRITANNIA.NS @ 1,313.72 | Strat Cash: 336,867.10 | Pos: 5
[11:46:00] [Trend] EXEC: BUY 75 BPCL.NS @ 95.93 | Strat Cash: 356,233.16 | Pos: 75
[11:46:00] [MeanReversion] EXEC: BUY 13 HDFCBANK.NS @ 508.17 | Strat Cash: 330,260.94 | Pos: 13
[11:46:00] [Trend] EXEC: SELL 2 ULTRACEMCO.NS @ 2,996.15 | Strat Cash: 362,225.46 | Pos: 0
[11:47:00] [Trend] EXEC: SELL 5 APOLLOHOSP.NS @ 1,278.06 | Strat Cash: 368,615.77 | Pos: 0
[11:47:00] [Trend] EXEC: BUY 8 DIVISLAB.NS @ 877.36 | Strat Cash: 361,596.91 | Pos: 8
[11:47:00] [Trend] EXEC: SELL 9 DRREDDY.NS @ 696.65 | Strat Cash: 367,866.75 | Pos: 0
[11:48:00] [Trend] EXEC: SELL 7 INDUSINDBK.NS @ 889.10 | Strat Cash: 374,090.43 | Pos: 0
[11:48:00] [Trend] EXEC: BUY 22 TITAN.NS @ 329.43 | Strat Cash: 366,843.03 | Pos: 22
[11:49:00] [MeanReversion] EXEC: SELL 9 SBILIFE.NS @ 693.77 | Strat Cash: 336,504.91 | Pos: 0
[11:54:00] [MeanReversion] EXEC: SELL 7 LT.NS @ 1,010.09 | Strat Cash: 343,575.53 | Pos: 0
[11:54:00] [MeanReversion] EXEC: SELL 11 NESTLEIND.NS @ 553.70 | Strat Cash: 349,666.19 | Pos: 0
[11:55:00] [Trend] EXEC: BUY 178 ADANIENT.NS @ 41.09 | Strat Cash: 359,528.63 | Pos: 178
[11:55:00] [MeanReversion] EXEC: BUY 23 ADANIPORTS.NS @ 297.22 | Strat Cash: 342,830.16 | Pos: 23
[11:55:00] [Trend] EXEC: SELL 9 ASIANPAINT.NS @ 773.84 | Strat Cash: 366,493.15 | Pos: 0
[11:55:00] [Trend] EXEC: BUY 13 AXISBANK.NS @ 548.50 | Strat Cash: 359,362.66 | Pos: 13
[11:56:00] [MeanReversion] EXEC: SELL 18 HCLTECH.NS @ 353.17 | Strat Cash: 349,187.23 | Pos: 0
[11:56:00] [MeanReversion] EXEC: SELL 6 TCS.NS @ 1,067.57 | Strat Cash: 355,592.64 | Pos: 0
[11:57:00] [MeanReversion] EXEC: SELL 3 EICHERMOT.NS @ 1,826.41 | Strat Cash: 361,071.88 | Pos: 0
[11:57:00] [Trend] EXEC: SELL 13 HDFCBANK.NS @ 508.64 | Strat Cash: 365,974.99 | Pos: 0
[11:57:00] [Trend] EXEC: BUY 74 HINDALCO.NS @ 98.04 | Strat Cash: 358,720.33 | Pos: 74
[11:57:00] [Trend] EXEC: BUY 11 M&M.NS @ 599.41 | Strat Cash: 352,126.79 | Pos: 11
[11:58:00] [Trend] EXEC: BUY 32 RELIANCE.NS @ 219.67 | Strat Cash: 345,097.34 | Pos: 32
[11:59:00] [MeanReversion] EXEC: BUY 8 INDUSINDBK.NS @ 887.82 | Strat Cash: 353,969.28 | Pos: 8
[11:59:00] [Trend] EXEC: BUY 6 TCS.NS @ 1,068.29 | Strat Cash: 338,687.63 | Pos: 6
[12:00:00] [MeanReversion] EXEC: SELL 13 AXISBANK.NS @ 549.11 | Strat Cash: 361,107.75 | Pos: 0
[12:00:00] [Trend] EXEC: BUY 35 COALINDIA.NS @ 190.52 | Strat Cash: 332,019.60 | Pos: 35
[12:00:00] [Trend] EXEC: BUY 11 NESTLEIND.NS @ 553.67 | Strat Cash: 325,929.25 | Pos: 11
[12:01:00] [MeanReversion] EXEC: SELL 13 HDFCBANK.NS @ 509.22 | Strat Cash: 367,727.60 | Pos: 0
[12:01:00] [Trend] EXEC: BUY 8 HINDUNILVR.NS @ 771.28 | Strat Cash: 319,758.97 | Pos: 8
[12:01:00] [Trend] EXEC: BUY 6 LT.NS @ 1,014.12 | Strat Cash: 313,674.24 | Pos: 6
[12:02:00] [Trend] EXEC: SELL 3 HEROMOTOCO.NS @ 1,853.79 | Strat Cash: 319,235.60 | Pos: 0
[12:02:00] [MeanReversion] EXEC: BUY 3 HEROMOTOCO.NS @ 1,853.79 | Strat Cash: 362,166.24 | Pos: 3
[12:02:00] [Trend] EXEC: BUY 2 ULTRACEMCO.NS @ 3,006.16 | Strat Cash: 313,223.27 | Pos: 2
[12:04:00] [MeanReversion] EXEC: SELL 9 HINDUNILVR.NS @ 771.85 | Strat Cash: 369,112.91 | Pos: 0
[12:05:00] [Trend] EXEC: SELL 8 DIVISLAB.NS @ 875.61 | Strat Cash: 320,228.13 | Pos: 0
[12:06:00] [Trend] EXEC: BUY 18 HCLTECH.NS @ 353.10 | Strat Cash: 313,872.29 | Pos: 18
[12:06:00] [Trend] EXEC: BUY 9 SBILIFE.NS @ 694.39 | Strat Cash: 307,622.78 | Pos: 9
[12:07:00] [Trend] EXEC: SELL 75 BPCL.NS @ 95.71 | Strat Cash: 314,801.35 | Pos: 0
[12:07:00] [Trend] EXEC: BUY 17 BHARTIARTL.NS @ 351.13 | Strat Cash: 308,832.15 | Pos: 17
[12:08:00] [MeanReversion] EXEC: SELL 5 APOLLOHOSP.NS @ 1,281.29 | Strat Cash: 375,519.35 | Pos: 0
[12:08:00] [MeanReversion] EXEC: SELL 134 POWERGRID.NS @ 52.14 | Strat Cash: 382,505.72 | Pos: 0
[12:09:00] [Trend] EXEC: BUY 3 EICHERMOT.NS @ 1,828.02 | Strat Cash: 303,348.08 | Pos: 3
[12:09:00] [Trend] EXEC: BUY 116 POWERGRID.NS @ 52.13 | Strat Cash: 297,300.58 | Pos: 116
[12:10:00] [MeanReversion] EXEC: BUY 22 HDFCLIFE.NS @ 336.20 | Strat Cash: 375,109.29 | Pos: 22
[12:11:00] [Trend] EXEC: SELL 13 GRASIM.NS @ 539.07 | Strat Cash: 304,308.43 | Pos: 0
[12:11:00] [MeanReversion] EXEC: BUY 13 GRASIM.NS @ 539.07 | Strat Cash: 368,101.44 | Pos: 13
[12:11:00] [MeanReversion] EXEC: SELL 95 NTPC.NS @ 79.66 | Strat Cash: 375,669.40 | Pos: 0
[12:12:00] [MeanReversion] EXEC: BUY 12 M&M.NS @ 598.35 | Strat Cash: 368,489.25 | Pos: 12
[12:13:00] [MeanReversion] EXEC: SELL 19 BHARTIARTL.NS @ 351.47 | Strat Cash: 375,167.24 | Pos: 0
[12:13:00] [MeanReversion] EXEC: SELL 30 ICICIBANK.NS @ 243.04 | Strat Cash: 382,458.37 | Pos: 0
[12:13:00] [MeanReversion] EXEC: BUY 147 POWERGRID.NS @ 51.96 | Strat Cash: 374,820.82 | Pos: 147
[12:14:00] [Trend] EXEC: BUY 76 NTPC.NS @ 79.75 | Strat Cash: 298,247.48 | Pos: 76
[12:14:00] [MeanReversion] EXEC: SELL 2 ULTRACEMCO.NS @ 3,008.66 | Strat Cash: 380,838.14 | Pos: 0
[12:15:00] [Trend] EXEC: SELL 11 CIPLA.NS @ 632.08 | Strat Cash: 305,200.37 | Pos: 0
[12:15:00] [Trend] EXEC: BUY 50 TATACONSUM.NS @ 120.66 | Strat Cash: 299,167.36 | Pos: 50
[12:16:00] [Trend] EXEC: BUY 7 ASIANPAINT.NS @ 779.05 | Strat Cash: 293,714.04 | Pos: 7
[12:17:00] [MeanReversion] EXEC: SELL 10 DRREDDY.NS @ 698.11 | Strat Cash: 387,819.28 | Pos: 0
[12:17:00] [Trend] EXEC: SELL 116 POWERGRID.NS @ 51.90 | Strat Cash: 299,734.04 | Pos: 0
[12:17:00] [MeanReversion] EXEC: SELL 30 SBIN.NS @ 234.69 | Strat Cash: 394,859.86 | Pos: 0
[12:18:00] [MeanReversion] EXEC: SELL 8 DIVISLAB.NS @ 877.45 | Strat Cash: 401,879.48 | Pos: 0
[12:18:00] [MeanReversion] EXEC: BUY 36 RELIANCE.NS @ 219.16 | Strat Cash: 393,989.76 | Pos: 36
[12:19:00] [MeanReversion] EXEC: SELL 3 HEROMOTOCO.NS @ 1,857.11 | Strat Cash: 399,561.10 | Pos: 0
[12:19:00] [MeanReversion] EXEC: SELL 17 INFY.NS @ 417.41 | Strat Cash: 406,657.13 | Pos: 0
[12:20:00] [MeanReversion] EXEC: SELL 8 INDUSINDBK.NS @ 888.26 | Strat Cash: 413,763.20 | Pos: 0
[12:21:00] [Trend] EXEC: SELL 21 HDFCLIFE.NS @ 335.21 | Strat Cash: 306,773.55 | Pos: 0
[12:21:00] [Trend] EXEC: SELL 32 RELIANCE.NS @ 219.11 | Strat Cash: 313,785.15 | Pos: 0
[12:22:00] [MeanReversion] EXEC: BUY 23 BHARTIARTL.NS @ 350.26 | Strat Cash: 405,707.32 | Pos: 23
[12:23:00] [MeanReversion] EXEC: BUY 84 BPCL.NS @ 95.59 | Strat Cash: 397,678.10 | Pos: 84
[12:23:00] [Trend] EXEC: BUY 4 BRITANNIA.NS @ 1,313.74 | Strat Cash: 308,530.17 | Pos: 4
[12:23:00] [Trend] EXEC: BUY 8 DRREDDY.NS @ 699.15 | Strat Cash: 302,936.97 | Pos: 8
[12:23:00] [Trend] EXEC: BUY 24 ICICIBANK.NS @ 243.74 | Strat Cash: 297,087.21 | Pos: 24
[12:23:00] [MeanReversion] EXEC: BUY 7 TCS.NS @ 1,065.27 | Strat Cash: 390,221.19 | Pos: 7
[12:23:00] [MeanReversion] EXEC: BUY 24 UPL.NS @ 319.21 | Strat Cash: 382,560.13 | Pos: 24
[12:26:00] [MeanReversion] EXEC: BUY 5 APOLLOHOSP.NS @ 1,277.99 | Strat Cash: 376,170.18 | Pos: 5
[12:26:00] [Trend] EXEC: BUY 6 DIVISLAB.NS @ 877.41 | Strat Cash: 291,822.72 | Pos: 6
[12:27:00] [MeanReversion] EXEC: SELL 4 BAJAJ-AUTO.NS @ 1,892.73 | Strat Cash: 383,741.12 | Pos: 0
[12:27:00] [MeanReversion] EXEC: SELL 13 GRASIM.NS @ 540.20 | Strat Cash: 390,763.72 | Pos: 0
[12:27:00] [MeanReversion] EXEC: BUY 22 HCLTECH.NS @ 351.85 | Strat Cash: 383,023.10 | Pos: 22
[12:27:00] [MeanReversion] EXEC: BUY 15 HDFCBANK.NS @ 507.90 | Strat Cash: 375,404.64 | Pos: 15
[12:27:00] [Trend] EXEC: SELL 11 M&M.NS @ 600.17 | Strat Cash: 298,424.54 | Pos: 0
[12:27:00] [Trend] EXEC: SELL 6 TCS.NS @ 1,064.69 | Strat Cash: 304,812.66 | Pos: 0
[12:28:00] [Trend] EXEC: SELL 18 HCLTECH.NS @ 352.02 | Strat Cash: 311,148.94 | Pos: 0
[12:28:00] [Trend] EXEC: BUY 3 HEROMOTOCO.NS @ 1,858.32 | Strat Cash: 305,573.97 | Pos: 3
[12:30:00] [MeanReversion] EXEC: BUY 182 ADANIENT.NS @ 41.07 | Strat Cash: 367,930.49 | Pos: 182
[12:30:00] [MeanReversion] EXEC: BUY 13 AXISBANK.NS @ 548.62 | Strat Cash: 360,798.39 | Pos: 13
[12:30:00] [Trend] EXEC: BUY 14 INFY.NS @ 418.18 | Strat Cash: 299,719.42 | Pos: 14
[12:30:00] [MeanReversion] EXEC: BUY 30 SBIN.NS @ 233.91 | Strat Cash: 353,780.95 | Pos: 30
[12:31:00] [MeanReversion] EXEC: SELL 23 ADANIPORTS.NS @ 297.98 | Strat Cash: 360,634.57 | Pos: 0
[12:31:00] [Trend] EXEC: SELL 17 BHARTIARTL.NS @ 351.06 | Strat Cash: 305,687.50 | Pos: 0
[12:31:00] [Trend] EXEC: SELL 22 UPL.NS @ 318.83 | Strat Cash: 312,701.73 | Pos: 0
[12:32:00] [Trend] EXEC: SELL 76 NTPC.NS @ 79.42 | Strat Cash: 318,737.64 | Pos: 0
[12:32:00] [MeanReversion] EXEC: BUY 21 TITAN.NS @ 329.00 | Strat Cash: 353,725.60 | Pos: 21
[12:33:00] [Trend] EXEC: BUY 21 ADANIPORTS.NS @ 297.96 | Strat Cash: 312,480.42 | Pos: 21
[12:33:00] [Trend] EXEC: BUY 11 GRASIM.NS @ 540.73 | Strat Cash: 306,532.36 | Pos: 11
[12:33:00] [Trend] EXEC: SELL 22 TITAN.NS @ 328.98 | Strat Cash: 313,769.95 | Pos: 0
[12:34:00] [Trend] EXEC: BUY 3 BAJAJ-AUTO.NS @ 1,895.94 | Strat Cash: 308,082.14 | Pos: 3
[12:34:00] [MeanReversion] EXEC: BUY 97 JSWSTEEL.NS @ 72.81 | Strat Cash: 346,663.47 | Pos: 97
[12:35:00] [Trend] EXEC: BUY 6 INDUSINDBK.NS @ 889.10 | Strat Cash: 302,747.53 | Pos: 6
[12:36:00] [Trend] EXEC: SELL 178 ADANIENT.NS @ 41.11 | Strat Cash: 310,064.32 | Pos: 0
[12:36:00] [MeanReversion] EXEC: BUY 63 ONGC.NS @ 109.67 | Strat Cash: 339,753.96 | Pos: 63
[12:37:00] [Trend] EXEC: SELL 13 AXISBANK.NS @ 549.21 | Strat Cash: 317,204.11 | Pos: 0
[12:37:00] [Trend] EXEC: BUY 10 CIPLA.NS @ 633.36 | Strat Cash: 310,870.48 | Pos: 10
[12:38:00] [Trend] EXEC: BUY 64 BPCL.NS @ 95.85 | Strat Cash: 304,735.82 | Pos: 64
[12:38:00] [Trend] EXEC: SELL 89 JSWSTEEL.NS @ 72.78 | Strat Cash: 311,213.25 | Pos: 0
[12:38:00] [Trend] EXEC: SELL 50 TATACONSUM.NS @ 120.31 | Strat Cash: 317,228.90 | Pos: 0
[12:39:00] [MeanReversion] EXEC: SELL 182 ADANIENT.NS @ 41.18 | Strat Cash: 347,249.60 | Pos: 0
[12:40:00] [Trend] EXEC: SELL 8 HINDUNILVR.NS @ 769.97 | Strat Cash: 323,388.67 | Pos: 0
[12:40:00] [MeanReversion] EXEC: BUY 9 HINDUNILVR.NS @ 769.97 | Strat Cash: 340,319.86 | Pos: 9
[12:41:00] [Trend] EXEC: SELL 47 ITC.NS @ 153.49 | Strat Cash: 330,602.89 | Pos: 0
[12:43:00] [MeanReversion] EXEC: SELL 13 AXISBANK.NS @ 550.59 | Strat Cash: 347,477.50 | Pos: 0
[12:43:00] [Trend] EXEC: BUY 18 BHARTIARTL.NS @ 351.33 | Strat Cash: 324,278.87 | Pos: 18
[12:43:00] [MeanReversion] EXEC: SELL 63 ONGC.NS @ 110.03 | Strat Cash: 354,409.21 | Pos: 0
[12:44:00] [MeanReversion] EXEC: SELL 23 BHARTIARTL.NS @ 351.66 | Strat Cash: 362,497.32 | Pos: 0
[12:44:00] [MeanReversion] EXEC: SELL 24 UPL.NS @ 319.45 | Strat Cash: 370,164.24 | Pos: 0
[12:45:00] [MeanReversion] EXEC: SELL 143 BAJFINANCE.NS @ 51.92 | Strat Cash: 377,588.22 | Pos: 0
[12:45:00] [MeanReversion] EXEC: BUY 10 DRREDDY.NS @ 697.44 | Strat Cash: 370,613.86 | Pos: 10
[12:45:00] [MeanReversion] EXEC: BUY 3 HEROMOTOCO.NS @ 1,854.68 | Strat Cash: 365,049.81 | Pos: 3
[12:45:00] [MeanReversion] EXEC: BUY 74 HINDALCO.NS @ 98.10 | Strat Cash: 357,790.47 | Pos: 74
[12:47:00] [Trend] EXEC: BUY 5 APOLLOHOSP.NS @ 1,281.00 | Strat Cash: 317,873.89 | Pos: 5
[12:47:00] [Trend] EXEC: SELL 74 HINDALCO.NS @ 98.08 | Strat Cash: 325,131.49 | Pos: 0
[12:48:00] [Trend] EXEC: BUY 11 AXISBANK.NS @ 551.32 | Strat Cash: 319,067.02 | Pos: 11
[12:48:00] [MeanReversion] EXEC: SELL 5 BRITANNIA.NS @ 1,315.64 | Strat Cash: 364,368.68 | Pos: 0
[12:48:00] [MeanReversion] EXEC: BUY 8 DIVISLAB.NS @ 876.09 | Strat Cash: 357,359.95 | Pos: 8
[12:48:00] [MeanReversion] EXEC: BUY 46 ITC.NS @ 153.38 | Strat Cash: 350,304.49 | Pos: 46
[12:48:00] [MeanReversion] EXEC: BUY 9 KOTAKBANK.NS @ 728.53 | Strat Cash: 343,747.68 | Pos: 9
[12:48:00] [MeanReversion] EXEC: BUY 2 ULTRACEMCO.NS @ 3,002.62 | Strat Cash: 337,742.44 | Pos: 2
[12:49:00] [MeanReversion] EXEC: BUY 16 INFY.NS @ 417.36 | Strat Cash: 331,064.64 | Pos: 16
[12:49:00] [MeanReversion] EXEC: SELL 147 POWERGRID.NS @ 52.02 | Strat Cash: 338,711.96 | Pos: 0
[12:50:00] [Trend] EXEC: SELL 9 KOTAKBANK.NS @ 728.34 | Strat Cash: 325,622.04 | Pos: 0
[12:51:00] [Trend] EXEC: SELL 3 HEROMOTOCO.NS @ 1,854.26 | Strat Cash: 331,184.83 | Pos: 0
[12:51:00] [Trend] EXEC: SELL 2 ULTRACEMCO.NS @ 2,997.04 | Strat Cash: 337,178.92 | Pos: 0
[12:52:00] [MeanReversion] EXEC: BUY 22 ADANIPORTS.NS @ 297.53 | Strat Cash: 332,166.22 | Pos: 22
[12:52:00] [Trend] EXEC: SELL 17 TATAMOTORS.NS @ 369.14 | Strat Cash: 343,454.32 | Pos: 0
[12:56:00] [Trend] EXEC: SELL 6 DIVISLAB.NS @ 875.92 | Strat Cash: 348,709.83 | Pos: 0
[12:56:00] [MeanReversion] EXEC: SELL 15 HDFCBANK.NS @ 508.60 | Strat Cash: 339,795.23 | Pos: 0
[12:56:00] [Trend] EXEC: BUY 134 POWERGRID.NS @ 52.02 | Strat Cash: 341,739.14 | Pos: 134
[12:57:00] [MeanReversion] EXEC: BUY 131 BAJFINANCE.NS @ 51.79 | Strat Cash: 333,011.15 | Pos: 131
[12:57:00] [Trend] EXEC: SELL 8 DRREDDY.NS @ 697.51 | Strat Cash: 347,319.24 | Pos: 0
[12:57:00] [Trend] EXEC: SELL 14 INFY.NS @ 416.32 | Strat Cash: 353,147.74 | Pos: 0
[12:58:00] [MeanReversion] EXEC: BUY 7 INDUSINDBK.NS @ 886.46 | Strat Cash: 326,805.93 | Pos: 7
[13:00:00] [MeanReversion] EXEC: BUY 17 TATAMOTORS.NS @ 368.21 | Strat Cash: 320,546.34 | Pos: 17
[13:01:00] [MeanReversion] EXEC: SELL 22 HDFCLIFE.NS @ 335.62 | Strat Cash: 327,930.06 | Pos: 0
[13:01:00] [Trend] EXEC: SELL 6 INDUSINDBK.NS @ 886.49 | Strat Cash: 358,466.71 | Pos: 0
[13:01:00] [MeanReversion] EXEC: SELL 7 TCS.NS @ 1,063.99 | Strat Cash: 335,377.96 | Pos: 0
[13:03:00] [MeanReversion] EXEC: SELL 74 HINDALCO.NS @ 98.26 | Strat Cash: 342,649.10 | Pos: 0
[13:03:00] [Trend] EXEC: SELL 8 SUNPHARMA.NS @ 757.51 | Strat Cash: 364,526.77 | Pos: 0
[13:03:00] [Trend] EXEC: SELL 371 TATASTEEL.NS @ 18.56 | Strat Cash: 371,411.12 | Pos: 0
[13:05:00] [Trend] EXEC: BUY 14 HDFCBANK.NS @ 508.50 | Strat Cash: 364,292.12 | Pos: 14
[13:06:00] [Trend] EXEC: BUY 21 HDFCLIFE.NS @ 336.31 | Strat Cash: 357,229.58 | Pos: 21
[13:06:00] [MeanReversion] EXEC: BUY 28 ICICIBANK.NS @ 243.58 | Strat Cash: 335,828.94 | Pos: 28
[13:06:00] [MeanReversion] EXEC: BUY 129 POWERGRID.NS @ 51.91 | Strat Cash: 329,133.16 | Pos: 129
[13:07:00] [Trend] EXEC: BUY 3 HEROMOTOCO.NS @ 1,861.20 | Strat Cash: 351,646.00 | Pos: 3
[13:07:00] [Trend] EXEC: BUY 22 UPL.NS @ 319.54 | Strat Cash: 344,616.10 | Pos: 22
[13:08:00] [Trend] EXEC: SELL 5 APOLLOHOSP.NS @ 1,275.66 | Strat Cash: 350,994.37 | Pos: 0
[13:08:00] [MeanReversion] EXEC: SELL 84 BPCL.NS @ 96.03 | Strat Cash: 337,199.37 | Pos: 0
[13:08:00] [Trend] EXEC: SELL 6 LT.NS @ 1,015.05 | Strat Cash: 357,084.68 | Pos: 0
[13:08:00] [Trend] EXEC: SELL 65 ONGC.NS @ 109.76 | Strat Cash: 364,219.09 | Pos: 0
[13:08:00] [MeanReversion] EXEC: BUY 69 WIPRO.NS @ 96.57 | Strat Cash: 330,535.98 | Pos: 69
[13:09:00] [Trend] EXEC: SELL 21 ADANIPORTS.NS @ 298.19 | Strat Cash: 370,480.99 | Pos: 0
[13:09:00] [MeanReversion] EXEC: BUY 9 SBILIFE.NS @ 697.11 | Strat Cash: 324,262.03 | Pos: 9
[13:10:00] [Trend] EXEC: BUY 180 ADANIENT.NS @ 41.15 | Strat Cash: 363,074.24 | Pos: 180
[13:10:00] [MeanReversion] EXEC: SELL 8 DIVISLAB.NS @ 877.35 | Strat Cash: 331,280.79 | Pos: 0
[13:10:00] [Trend] EXEC: BUY 6 TCS.NS @ 1,066.38 | Strat Cash: 356,675.95 | Pos: 6
[13:10:00] [Trend] EXEC: SELL 72 WIPRO.NS @ 96.51 | Strat Cash: 363,624.52 | Pos: 0
[13:11:00] [Trend] EXEC: BUY 24 ADANIPORTS.NS @ 298.27 | Strat Cash: 356,466.02 | Pos: 24
[13:14:00] [Trend] EXEC: SELL 24 ADANIPORTS.NS @ 297.82 | Strat Cash: 363,613.67 | Pos: 0
[13:14:00] [MeanReversion] EXEC: BUY 12 AXISBANK.NS @ 551.28 | Strat Cash: 324,665.38 | Pos: 12
[13:14:00] [MeanReversion] EXEC: BUY 4 BRITANNIA.NS @ 1,312.40 | Strat Cash: 319,415.77 | Pos: 4
[13:14:00] [MeanReversion] EXEC: BUY 11 GRASIM.NS @ 540.46 | Strat Cash: 313,470.70 | Pos: 11
[13:15:00] [MeanReversion] EXEC: SELL 131 BAJFINANCE.NS @ 51.91 | Strat Cash: 320,270.73 | Pos: 0
[13:15:00] [Trend] EXEC: SELL 24 ICICIBANK.NS @ 243.88 | Strat Cash: 369,466.68 | Pos: 0
[13:15:00] [MeanReversion] EXEC: BUY 6 LT.NS @ 1,014.41 | Strat Cash: 314,184.30 | Pos: 6
[13:15:00] [MeanReversion] EXEC: SELL 9 SBILIFE.NS @ 699.72 | Strat Cash: 320,481.80 | Pos: 0
[13:16:00] [Trend] EXEC: BUY 75 HINDALCO.NS @ 98.40 | Strat Cash: 362,086.67 | Pos: 75
[13:16:00] [Trend] EXEC: SELL 134 POWERGRID.NS @ 51.80 | Strat Cash: 369,028.19 | Pos: 0
[13:17:00] [Trend] EXEC: SELL 4 BRITANNIA.NS @ 1,313.10 | Strat Cash: 374,280.61 | Pos: 0
[13:17:00] [Trend] EXEC: SELL 11 GRASIM.NS @ 540.64 | Strat Cash: 380,227.68 | Pos: 0
[13:17:00] [MeanReversion] EXEC: BUY 80 NTPC.NS @ 79.26 | Strat Cash: 314,141.13 | Pos: 80
[13:19:00] [MeanReversion] EXEC: SELL 30 SBIN.NS @ 233.52 | Strat Cash: 321,146.72 | Pos: 0
[13:19:00] [MeanReversion] EXEC: SELL 2 ULTRACEMCO.NS @ 2,999.65 | Strat Cash: 327,146.01 | Pos: 0
[13:20:00] [Trend] EXEC: BUY 104 JSWSTEEL.NS @ 72.91 | Strat Cash: 372,644.84 | Pos: 104
[13:20:00] [Trend] EXEC: SELL 11 LTIM.NS @ 616.30 | Strat Cash: 379,424.13 | Pos: 0
[13:20:00] [MeanReversion] EXEC: BUY 1 MARUTI.NS @ 3,871.05 | Strat Cash: 323,274.96 | Pos: 1
[13:21:00] [Trend] EXEC: SELL 1 MARUTI.NS @ 3,867.66 | Strat Cash: 383,291.79 | Pos: 0
[13:21:00] [Trend] EXEC: BUY 69 ONGC.NS @ 110.30 | Strat Cash: 375,681.18 | Pos: 69
[13:21:00] [Trend] EXEC: BUY 9 SUNPHARMA.NS @ 758.97 | Strat Cash: 368,850.46 | Pos: 9
[13:21:00] [MeanReversion] EXEC: SELL 15 TECHM.NS @ 436.02 | Strat Cash: 329,815.30 | Pos: 0
[13:23:00] [Trend] EXEC: SELL 11 AXISBANK.NS @ 548.90 | Strat Cash: 374,888.31 | Pos: 0
[13:23:00] [MeanReversion] EXEC: SELL 45 BAJAJFINSV.NS @ 170.19 | Strat Cash: 337,473.78 | Pos: 0
[13:23:00] [MeanReversion] EXEC: SELL 46 ITC.NS @ 153.43 | Strat Cash: 344,531.70 | Pos: 0
[13:23:00] [MeanReversion] EXEC: SELL 7 INDUSINDBK.NS @ 888.14 | Strat Cash: 350,748.65 | Pos: 0
[13:23:00] [Trend] EXEC: BUY 12 LTIM.NS @ 616.33 | Strat Cash: 367,492.40 | Pos: 12
[13:23:00] [MeanReversion] EXEC: BUY 378 TATASTEEL.NS @ 18.53 | Strat Cash: 343,744.07 | Pos: 378
[13:24:00] [MeanReversion] EXEC: BUY 132 BAJFINANCE.NS @ 51.74 | Strat Cash: 336,913.73 | Pos: 132
[13:24:00] [MeanReversion] EXEC: SELL 10 DRREDDY.NS @ 697.03 | Strat Cash: 343,883.99 | Pos: 0
[13:25:00] [MeanReversion] EXEC: BUY 3 BAJAJ-AUTO.NS @ 1,894.22 | Strat Cash: 338,201.34 | Pos: 3
[13:25:00] [Trend] EXEC: SELL 3 HEROMOTOCO.NS @ 1,856.39 | Strat Cash: 373,061.56 | Pos: 0
[13:28:00] [Trend] EXEC: BUY 43 BAJAJFINSV.NS @ 170.30 | Strat Cash: 365,738.59 | Pos: 43
[13:28:00] [MeanReversion] EXEC: BUY 35 COALINDIA.NS @ 190.68 | Strat Cash: 331,527.45 | Pos: 35
[13:28:00] [MeanReversion] EXEC: BUY 7 DIVISLAB.NS @ 874.76 | Strat Cash: 325,404.14 | Pos: 7
[13:28:00] [Trend] EXEC: SELL 9 SBILIFE.NS @ 696.31 | Strat Cash: 372,005.42 | Pos: 0
[13:29:00] [MeanReversion] EXEC: BUY 20 UPL.NS @ 319.00 | Strat Cash: 319,024.06 | Pos: 20
[13:31:00] [MeanReversion] EXEC: SELL 11 GRASIM.NS @ 541.41 | Strat Cash: 324,979.56 | Pos: 0
[13:31:00] [Trend] EXEC: BUY 30 ICICIBANK.NS @ 244.09 | Strat Cash: 364,682.75 | Pos: 30
[13:31:00] [Trend] EXEC: BUY 19 TATAMOTORS.NS @ 369.23 | Strat Cash: 357,667.48 | Pos: 19
[13:31:00] [Trend] EXEC: BUY 2 ULTRACEMCO.NS @ 3,006.09 | Strat Cash: 351,655.30 | Pos: 2
[13:32:00] [Trend] EXEC: SELL 3 BAJAJ-AUTO.NS @ 1,889.08 | Strat Cash: 357,322.55 | Pos: 0
[13:32:00] [Trend] EXEC: SELL 35 COALINDIA.NS @ 190.46 | Strat Cash: 363,988.64 | Pos: 0
[13:32:00] [Trend] EXEC: BUY 8 INDUSINDBK.NS @ 888.22 | Strat Cash: 356,882.88 | Pos: 8
[13:32:00] [MeanReversion] EXEC: SELL 9 KOTAKBANK.NS @ 727.44 | Strat Cash: 331,526.54 | Pos: 0
[13:32:00] [Trend] EXEC: BUY 16 TECHM.NS @ 437.55 | Strat Cash: 349,882.10 | Pos: 16
[13:33:00] [Trend] EXEC: BUY 45 ITC.NS @ 153.41 | Strat Cash: 342,978.66 | Pos: 45
[13:33:00] [MeanReversion] EXEC: SELL 97 JSWSTEEL.NS @ 73.07 | Strat Cash: 338,614.60 | Pos: 0
[13:34:00] [MeanReversion] EXEC: SELL 17 TATAMOTORS.NS @ 369.66 | Strat Cash: 344,898.79 | Pos: 0
[13:34:00] [MeanReversion] EXEC: SELL 20 UPL.NS @ 320.03 | Strat Cash: 351,299.37 | Pos: 0
[13:36:00] [Trend] EXEC: SELL 180 ADANIENT.NS @ 41.07 | Strat Cash: 350,371.86 | Pos: 0
[13:37:00] [MeanReversion] EXEC: BUY 171 ADANIENT.NS @ 41.04 | Strat Cash: 344,280.94 | Pos: 171
[13:37:00] [MeanReversion] EXEC: BUY 12 GRASIM.NS @ 539.89 | Strat Cash: 337,802.25 | Pos: 12
[13:38:00] [Trend] EXEC: SELL 18 BHARTIARTL.NS @ 352.42 | Strat Cash: 356,715.44 | Pos: 0
[13:38:00] [MeanReversion] EXEC: SELL 22 HCLTECH.NS @ 349.46 | Strat Cash: 345,490.30 | Pos: 0
[13:38:00] [MeanReversion] EXEC: SELL 129 POWERGRID.NS @ 51.86 | Strat Cash: 352,179.63 | Pos: 0
[13:41:00] [MeanReversion] EXEC: BUY 20 BHARTIARTL.NS @ 352.09 | Strat Cash: 345,137.86 | Pos: 20
[13:43:00] [MeanReversion] EXEC: SELL 7 DIVISLAB.NS @ 877.50 | Strat Cash: 351,280.39 | Pos: 0
[13:43:00] [MeanReversion] EXEC: BUY 11 LTIM.NS @ 615.48 | Strat Cash: 344,510.06 | Pos: 11
[13:44:00] [Trend] EXEC: BUY 11 M&M.NS @ 598.44 | Strat Cash: 350,132.56 | Pos: 11
[13:44:00] [MeanReversion] EXEC: BUY 9 SBILIFE.NS @ 694.42 | Strat Cash: 338,260.25 | Pos: 9
[13:45:00] [Trend] EXEC: BUY 3 HEROMOTOCO.NS @ 1,861.50 | Strat Cash: 344,548.06 | Pos: 3
[13:45:00] [MeanReversion] EXEC: SELL 3 HEROMOTOCO.NS @ 1,861.50 | Strat Cash: 343,844.75 | Pos: 0
[13:46:00] [MeanReversion] EXEC: BUY 9 DRREDDY.NS @ 695.81 | Strat Cash: 337,582.44 | Pos: 9
[13:46:00] [Trend] EXEC: SELL 11 NESTLEIND.NS @ 558.79 | Strat Cash: 350,694.78 | Pos: 0
[13:48:00] [MeanReversion] EXEC: BUY 10 CIPLA.NS @ 632.92 | Strat Cash: 331,253.22 | Pos: 10
[13:48:00] [Trend] EXEC: SELL 12 LTIM.NS @ 614.23 | Strat Cash: 358,065.59 | Pos: 0
[13:49:00] [MeanReversion] EXEC: SELL 4 BRITANNIA.NS @ 1,312.69 | Strat Cash: 336,503.96 | Pos: 0
[13:50:00] [MeanReversion] EXEC: SELL 9 DRREDDY.NS @ 696.99 | Strat Cash: 342,776.85 | Pos: 0
[13:50:00] [MeanReversion] EXEC: BUY 3 EICHERMOT.NS @ 1,836.54 | Strat Cash: 337,267.22 | Pos: 3
[13:50:00] [Trend] EXEC: BUY 137 POWERGRID.NS @ 51.91 | Strat Cash: 350,953.72 | Pos: 137
[13:51:00] [Trend] EXEC: BUY 7 DIVISLAB.NS @ 879.00 | Strat Cash: 344,800.74 | Pos: 7
[13:51:00] [MeanReversion] EXEC: BUY 19 HCLTECH.NS @ 348.58 | Strat Cash: 330,644.21 | Pos: 19
[13:52:00] [Trend] EXEC: SELL 3 EICHERMOT.NS @ 1,836.19 | Strat Cash: 350,309.31 | Pos: 0
[13:52:00] [MeanReversion] EXEC: BUY 60 ONGC.NS @ 110.12 | Strat Cash: 324,036.77 | Pos: 60
[13:53:00] [MeanReversion] EXEC: SELL 12 AXISBANK.NS @ 548.40 | Strat Cash: 330,617.62 | Pos: 0
[13:53:00] [Trend] EXEC: SELL 10 CIPLA.NS @ 633.09 | Strat Cash: 356,640.26 | Pos: 0
[13:53:00] [MeanReversion] EXEC: BUY 15 TECHM.NS @ 436.91 | Strat Cash: 324,064.04 | Pos: 15
[13:54:00] [Trend] EXEC: BUY 17 INFY.NS @ 416.23 | Strat Cash: 349,564.37 | Pos: 17
[13:55:00] [MeanReversion] EXEC: SELL 16 INFY.NS @ 416.33 | Strat Cash: 330,725.29 | Pos: 0
[13:55:00] [Trend] EXEC: BUY 12 NESTLEIND.NS @ 559.48 | Strat Cash: 342,850.65 | Pos: 12
[13:56:00] [MeanReversion] EXEC: BUY 68 BPCL.NS @ 96.08 | Strat Cash: 324,191.63 | Pos: 68
[13:56:00] [MeanReversion] EXEC: SELL 28 ICICIBANK.NS @ 244.24 | Strat Cash: 331,030.25 | Pos: 0
[13:57:00] [Trend] EXEC: BUY 5 BRITANNIA.NS @ 1,315.11 | Strat Cash: 336,275.11 | Pos: 5
[13:57:00] [MeanReversion] EXEC: BUY 20 UPL.NS @ 319.26 | Strat Cash: 324,645.05 | Pos: 20
[13:58:00] [Trend] EXEC: SELL 14 HDFCBANK.NS @ 509.91 | Strat Cash: 343,413.86 | Pos: 0
[13:58:00] [Trend] EXEC: SELL 30 ICICIBANK.NS @ 244.13 | Strat Cash: 350,737.65 | Pos: 0
[13:58:00] [Trend] EXEC: SELL 69 ONGC.NS @ 109.99 | Strat Cash: 358,326.86 | Pos: 0
[13:59:00] [MeanReversion] EXEC: SELL 132 BAJFINANCE.NS @ 51.75 | Strat Cash: 331,476.34 | Pos: 0
[13:59:00] [Trend] EXEC: BUY 11 CIPLA.NS @ 633.91 | Strat Cash: 351,353.81 | Pos: 11
[14:01:00] [Trend] EXEC: SELL 11 CIPLA.NS @ 633.46 | Strat Cash: 358,321.85 | Pos: 0
[14:01:00] [Trend] EXEC: BUY 29 ICICIBANK.NS @ 244.24 | Strat Cash: 351,238.98 | Pos: 29
[14:01:00] [Trend] EXEC: BUY 6 LT.NS @ 1,013.72 | Strat Cash: 345,156.64 | Pos: 6
[14:01:00] [Trend] EXEC: SELL 22 UPL.NS @ 318.97 | Strat Cash: 352,173.98 | Pos: 0
[14:02:00] [Trend] EXEC: BUY 9 KOTAKBANK.NS @ 727.72 | Strat Cash: 345,624.54 | Pos: 9
[14:02:00] [MeanReversion] EXEC: SELL 9 SBILIFE.NS @ 696.97 | Strat Cash: 337,749.03 | Pos: 0
[14:03:00] [MeanReversion] EXEC: SELL 12 GRASIM.NS @ 540.13 | Strat Cash: 344,230.55 | Pos: 0
[14:03:00] [MeanReversion] EXEC: SELL 1 MARUTI.NS @ 3,867.17 | Strat Cash: 348,097.72 | Pos: 0
[14:04:00] [Trend] EXEC: SELL 43 BAJAJFINSV.NS @ 170.27 | Strat Cash: 352,946.12 | Pos: 0
[14:04:00] [MeanReversion] EXEC: SELL 11 LTIM.NS @ 615.05 | Strat Cash: 354,863.22 | Pos: 0
[14:04:00] [MeanReversion] EXEC: SELL 6 LT.NS @ 1,014.86 | Strat Cash: 360,952.38 | Pos: 0
[14:04:00] [Trend] EXEC: SELL 16 TECHM.NS @ 436.51 | Strat Cash: 359,930.34 | Pos: 0
[14:05:00] [Trend] EXEC: SELL 64 BPCL.NS @ 96.06 | Strat Cash: 366,078.25 | Pos: 0
[14:06:00] [MeanReversion] EXEC: SELL 35 COALINDIA.NS @ 190.37 | Strat Cash: 367,615.43 | Pos: 0
[14:06:00] [Trend] EXEC: BUY 10 DRREDDY.NS @ 697.10 | Strat Cash: 359,107.20 | Pos: 10
[14:06:00] [MeanReversion] EXEC: BUY 142 POWERGRID.NS @ 51.75 | Strat Cash: 360,267.02 | Pos: 142
[14:07:00] [MeanReversion] EXEC: BUY 98 JSWSTEEL.NS @ 73.10 | Strat Cash: 353,103.28 | Pos: 98
[14:07:00] [MeanReversion] EXEC: SELL 36 RELIANCE.NS @ 217.21 | Strat Cash: 360,922.94 | Pos: 0
[14:07:00] [Trend] EXEC: BUY 30 SBIN.NS @ 233.15 | Strat Cash: 352,112.82 | Pos: 30
[14:08:00] [Trend] EXEC: SELL 21 HDFCLIFE.NS @ 337.84 | Strat Cash: 359,207.52 | Pos: 0
[14:09:00] [MeanReversion] EXEC: SELL 15 TECHM.NS @ 437.78 | Strat Cash: 367,489.65 | Pos: 0
[14:10:00] [MeanReversion] EXEC: SELL 20 BHARTIARTL.NS @ 352.68 | Strat Cash: 374,543.31 | Pos: 0
[14:10:00] [Trend] EXEC: BUY 10 SBILIFE.NS @ 697.67 | Strat Cash: 352,230.85 | Pos: 10
[14:11:00] [Trend] EXEC: BUY 136 BAJFINANCE.NS @ 51.78 | Strat Cash: 345,188.71 | Pos: 136
[14:11:00] [Trend] EXEC: SELL 137 POWERGRID.NS @ 51.77 | Strat Cash: 352,281.76 | Pos: 0
[14:12:00] [MeanReversion] EXEC: SELL 3 EICHERMOT.NS @ 1,836.94 | Strat Cash: 380,054.14 | Pos: 0
[14:12:00] [MeanReversion] EXEC: SELL 19 HCLTECH.NS @ 348.68 | Strat Cash: 386,679.01 | Pos: 0
[14:13:00] [MeanReversion] EXEC: SELL 3 BAJAJ-AUTO.NS @ 1,888.36 | Strat Cash: 392,344.10 | Pos: 0
[14:13:00] [Trend] EXEC: BUY 36 COALINDIA.NS @ 190.67 | Strat Cash: 345,417.72 | Pos: 36
[14:13:00] [Trend] EXEC: BUY 12 GRASIM.NS @ 540.58 | Strat Cash: 338,930.80 | Pos: 12
[14:14:00] [Trend] EXEC: BUY 19 BHARTIARTL.NS @ 352.53 | Strat Cash: 332,232.67 | Pos: 19
[14:15:00] [Trend] EXEC: SELL 104 JSWSTEEL.NS @ 73.10 | Strat Cash: 339,834.92 | Pos: 0
[14:15:00] [Trend] EXEC: BUY 1 MARUTI.NS @ 3,867.67 | Strat Cash: 335,967.25 | Pos: 1
[14:15:00] [MeanReversion] EXEC: SELL 20 UPL.NS @ 319.57 | Strat Cash: 398,735.47 | Pos: 0
[14:16:00] [Trend] EXEC: SELL 45 ITC.NS @ 153.45 | Strat Cash: 342,872.51 | Pos: 0
[14:16:00] [Trend] EXEC: SELL 11 M&M.NS @ 597.24 | Strat Cash: 349,442.16 | Pos: 0
[14:16:00] [MeanReversion] EXEC: BUY 2 ULTRACEMCO.NS @ 3,013.47 | Strat Cash: 392,708.54 | Pos: 2
[14:17:00] [Trend] EXEC: BUY 21 TITAN.NS @ 327.71 | Strat Cash: 342,560.24 | Pos: 21
[14:18:00] [Trend] EXEC: BUY 3 BAJAJ-AUTO.NS @ 1,889.38 | Strat Cash: 336,892.10 | Pos: 3
[14:18:00] [Trend] EXEC: BUY 10 LTIM.NS @ 615.84 | Strat Cash: 330,733.75 | Pos: 10
[14:18:00] [Trend] EXEC: BUY 30 RELIANCE.NS @ 217.63 | Strat Cash: 324,204.82 | Pos: 30
[14:20:00] [MeanReversion] EXEC: SELL 10 CIPLA.NS @ 634.09 | Strat Cash: 399,049.46 | Pos: 0
[14:20:00] [MeanReversion] EXEC: BUY 4 EICHERMOT.NS @ 1,833.31 | Strat Cash: 391,716.20 | Pos: 4
[14:21:00] [MeanReversion] EXEC: BUY 46 BAJAJFINSV.NS @ 170.00 | Strat Cash: 383,896.02 | Pos: 46
[14:21:00] [Trend] EXEC: BUY 12 HDFCBANK.NS @ 511.01 | Strat Cash: 318,072.74 | Pos: 12
[14:22:00] [MeanReversion] EXEC: SELL 69 WIPRO.NS @ 96.58 | Strat Cash: 390,560.32 | Pos: 0
[14:23:00] [Trend] EXEC: BUY 11 AXISBANK.NS @ 548.53 | Strat Cash: 312,038.94 | Pos: 11
[14:23:00] [Trend] EXEC: SELL 6 LT.NS @ 1,011.00 | Strat Cash: 318,104.92 | Pos: 0
[14:23:00] [Trend] EXEC: BUY 65 WIPRO.NS @ 96.59 | Strat Cash: 311,826.53 | Pos: 65
[14:25:00] [MeanReversion] EXEC: SELL 171 ADANIENT.NS @ 40.99 | Strat Cash: 397,568.96 | Pos: 0
[14:25:00] [MeanReversion] EXEC: BUY 22 BHARTIARTL.NS @ 351.65 | Strat Cash: 389,832.71 | Pos: 22
[14:25:00] [Trend] EXEC: BUY 9 CIPLA.NS @ 634.75 | Strat Cash: 306,113.75 | Pos: 9
[14:26:00] [Trend] EXEC: BUY 35 BAJAJFINSV.NS @ 170.19 | Strat Cash: 300,157.06 | Pos: 35
[14:26:00] [MeanReversion] EXEC: BUY 13 NESTLEIND.NS @ 558.63 | Strat Cash: 382,570.49 | Pos: 13
[14:26:00] [MeanReversion] EXEC: BUY 32 SBIN.NS @ 232.75 | Strat Cash: 375,122.51 | Pos: 32
[14:26:00] [Trend] EXEC: SELL 2 ULTRACEMCO.NS @ 3,018.72 | Strat Cash: 306,194.51 | Pos: 0
[14:26:00] [Trend] EXEC: BUY 19 UPL.NS @ 320.63 | Strat Cash: 300,102.45 | Pos: 19
[14:28:00] [MeanReversion] EXEC: SELL 5 APOLLOHOSP.NS @ 1,272.90 | Strat Cash: 381,487.03 | Pos: 0
[14:28:00] [MeanReversion] EXEC: BUY 22 HDFCLIFE.NS @ 336.97 | Strat Cash: 374,073.75 | Pos: 22
[14:28:00] [Trend] EXEC: BUY 39 ITC.NS @ 153.77 | Strat Cash: 294,105.49 | Pos: 39
[14:28:00] [MeanReversion] EXEC: BUY 12 LTIM.NS @ 613.92 | Strat Cash: 366,706.76 | Pos: 12
[14:28:00] [MeanReversion] EXEC: BUY 33 RELIANCE.NS @ 216.95 | Strat Cash: 359,547.53 | Pos: 33
[14:29:00] [Trend] EXEC: SELL 35 BAJAJFINSV.NS @ 170.37 | Strat Cash: 300,068.42 | Pos: 0
[14:29:00] [MeanReversion] EXEC: SELL 46 BAJAJFINSV.NS @ 170.37 | Strat Cash: 367,384.52 | Pos: 0
[14:30:00] [Trend] EXEC: BUY 35 BAJAJFINSV.NS @ 170.35 | Strat Cash: 294,106.19 | Pos: 35
[14:30:00] [Trend] EXEC: BUY 16 HCLTECH.NS @ 348.94 | Strat Cash: 288,523.17 | Pos: 16
[14:31:00] [MeanReversion] EXEC: SELL 80 NTPC.NS @ 78.92 | Strat Cash: 373,698.08 | Pos: 0
[14:31:00] [Trend] EXEC: SELL 12 NESTLEIND.NS @ 557.87 | Strat Cash: 295,217.64 | Pos: 0
[14:31:00] [MeanReversion] EXEC: SELL 58 TATACONSUM.NS @ 119.25 | Strat Cash: 380,614.78 | Pos: 0
[14:32:00] [Trend] EXEC: SELL 30 SBIN.NS @ 232.89 | Strat Cash: 302,204.33 | Pos: 0
[14:33:00] [Trend] EXEC: BUY 76 NTPC.NS @ 78.93 | Strat Cash: 296,205.37 | Pos: 76
[14:34:00] [MeanReversion] EXEC: BUY 10 SBILIFE.NS @ 695.94 | Strat Cash: 373,655.38 | Pos: 10
[14:35:00] [Trend] EXEC: SELL 19 BHARTIARTL.NS @ 351.21 | Strat Cash: 302,878.41 | Pos: 0
[14:35:00] [MeanReversion] EXEC: SELL 22 HDFCLIFE.NS @ 338.01 | Strat Cash: 381,091.55 | Pos: 0
[14:35:00] [Trend] EXEC: SELL 10 LTIM.NS @ 614.51 | Strat Cash: 309,023.51 | Pos: 0
[14:36:00] [Trend] EXEC: BUY 4 APOLLOHOSP.NS @ 1,275.47 | Strat Cash: 303,921.63 | Pos: 4
[14:36:00] [Trend] EXEC: BUY 13 TECHM.NS @ 437.55 | Strat Cash: 298,233.50 | Pos: 13
[14:36:00] [MeanReversion] EXEC: SELL 2 ULTRACEMCO.NS @ 3,025.58 | Strat Cash: 387,142.72 | Pos: 0
[14:38:00] [Trend] EXEC: BUY 145 ADANIENT.NS @ 41.02 | Strat Cash: 292,285.02 | Pos: 145
[14:38:00] [Trend] EXEC: SELL 9 SUNPHARMA.NS @ 762.61 | Strat Cash: 299,148.49 | Pos: 0
[14:39:00] [MeanReversion] EXEC: BUY 5 BRITANNIA.NS @ 1,314.78 | Strat Cash: 380,568.82 | Pos: 5
[14:39:00] [MeanReversion] EXEC: BUY 49 ITC.NS @ 153.36 | Strat Cash: 373,054.40 | Pos: 49
[14:39:00] [MeanReversion] EXEC: BUY 7 LT.NS @ 1,009.72 | Strat Cash: 365,986.38 | Pos: 7
[14:39:00] [Trend] EXEC: SELL 30 RELIANCE.NS @ 216.48 | Strat Cash: 305,642.86 | Pos: 0
[14:39:00] [MeanReversion] EXEC: BUY 19 TATAMOTORS.NS @ 370.66 | Strat Cash: 358,943.93 | Pos: 19
[14:39:00] [MeanReversion] EXEC: SELL 378 TATASTEEL.NS @ 18.50 | Strat Cash: 365,936.66 | Pos: 0
[14:39:00] [MeanReversion] EXEC: SELL 21 TITAN.NS @ 328.14 | Strat Cash: 372,827.53 | Pos: 0
[14:40:00] [Trend] EXEC: BUY 18 HDFCLIFE.NS @ 338.04 | Strat Cash: 299,558.20 | Pos: 18
[14:40:00] [Trend] EXEC: BUY 1 ULTRACEMCO.NS @ 3,023.32 | Strat Cash: 296,534.88 | Pos: 1
[14:41:00] [Trend] EXEC: BUY 7 HINDUNILVR.NS @ 766.60 | Strat Cash: 291,168.70 | Pos: 7
[14:41:00] [Trend] EXEC: SELL 10 SBILIFE.NS @ 696.26 | Strat Cash: 298,131.31 | Pos: 0
[14:42:00] [MeanReversion] EXEC: BUY 1 MARUTI.NS @ 3,863.33 | Strat Cash: 368,964.20 | Pos: 1
[14:43:00] [MeanReversion] EXEC: BUY 8 DIVISLAB.NS @ 879.75 | Strat Cash: 361,926.24 | Pos: 8
[14:45:00] [Trend] EXEC: SELL 5 BRITANNIA.NS @ 1,313.49 | Strat Cash: 304,698.73 | Pos: 0
[14:45:00] [Trend] EXEC: SELL 1 MARUTI.NS @ 3,854.28 | Strat Cash: 308,553.02 | Pos: 0
[14:45:00] [Trend] EXEC: BUY 8 SUNPHARMA.NS @ 763.38 | Strat Cash: 302,446.01 | Pos: 8
[14:46:00] [MeanReversion] EXEC: SELL 98 JSWSTEEL.NS @ 73.07 | Strat Cash: 369,087.40 | Pos: 0
[14:46:00] [MeanReversion] EXEC: BUY 10 KOTAKBANK.NS @ 729.60 | Strat Cash: 361,791.39 | Pos: 10
[14:46:00] [Trend] EXEC: BUY 326 TATASTEEL.NS @ 18.51 | Strat Cash: 296,410.16 | Pos: 326
[14:47:00] [Trend] EXEC: SELL 39 ITC.NS @ 153.37 | Strat Cash: 302,391.57 | Pos: 0
[14:48:00] [MeanReversion] EXEC: SELL 12 LTIM.NS @ 615.07 | Strat Cash: 369,172.28 | Pos: 0
[14:50:00] [Trend] EXEC: SELL 35 BAJAJFINSV.NS @ 169.94 | Strat Cash: 308,339.48 | Pos: 0
[14:50:00] [MeanReversion] EXEC: BUY 14 HDFCBANK.NS @ 510.78 | Strat Cash: 362,021.31 | Pos: 14
[14:51:00] [MeanReversion] EXEC: SELL 4 EICHERMOT.NS @ 1,837.95 | Strat Cash: 369,373.12 | Pos: 0
[14:51:00] [MeanReversion] EXEC: BUY 76 WIPRO.NS @ 96.46 | Strat Cash: 362,042.19 | Pos: 76
[14:52:00] [Trend] EXEC: SELL 7 DIVISLAB.NS @ 878.26 | Strat Cash: 314,487.30 | Pos: 0
[14:52:00] [Trend] EXEC: SELL 17 INFY.NS @ 418.26 | Strat Cash: 321,597.67 | Pos: 0
[14:52:00] [MeanReversion] EXEC: SELL 19 TATAMOTORS.NS @ 372.22 | Strat Cash: 369,114.43 | Pos: 0
[14:53:00] [Trend] EXEC: SELL 136 BAJFINANCE.NS @ 51.69 | Strat Cash: 328,627.80 | Pos: 0
[14:54:00] [MeanReversion] EXEC: SELL 5 BRITANNIA.NS @ 1,317.86 | Strat Cash: 375,703.72 | Pos: 0
[14:54:00] [MeanReversion] EXEC: BUY 30 ICICIBANK.NS @ 244.69 | Strat Cash: 368,363.03 | Pos: 30
[14:54:00] [MeanReversion] EXEC: BUY 93 NTPC.NS @ 78.77 | Strat Cash: 361,037.61 | Pos: 93
[14:55:00] [MeanReversion] EXEC: BUY 10 DRREDDY.NS @ 697.79 | Strat Cash: 354,059.67 | Pos: 10
[14:55:00] [Trend] EXEC: BUY 89 JSWSTEEL.NS @ 73.12 | Strat Cash: 322,119.98 | Pos: 89
[14:55:00] [Trend] EXEC: SELL 9 KOTAKBANK.NS @ 729.88 | Strat Cash: 328,688.90 | Pos: 0
[14:56:00] [MeanReversion] EXEC: BUY 41 BAJAJFINSV.NS @ 169.78 | Strat Cash: 347,098.73 | Pos: 41
[14:56:00] [Trend] EXEC: BUY 3 EICHERMOT.NS @ 1,840.32 | Strat Cash: 323,167.93 | Pos: 3
[14:56:00] [Trend] EXEC: BUY 10 LTIM.NS @ 616.60 | Strat Cash: 317,001.97 | Pos: 10
[14:56:00] [MeanReversion] EXEC: BUY 21 UPL.NS @ 319.94 | Strat Cash: 340,380.01 | Pos: 21
[14:57:00] [Trend] EXEC: SELL 29 ICICIBANK.NS @ 244.66 | Strat Cash: 324,097.15 | Pos: 0
[14:57:00] [MeanReversion] EXEC: BUY 368 TATASTEEL.NS @ 18.45 | Strat Cash: 333,589.79 | Pos: 368
[14:59:00] [MeanReversion] EXEC: BUY 3 HEROMOTOCO.NS @ 1,869.61 | Strat Cash: 327,980.96 | Pos: 3
[14:59:00] [Trend] EXEC: BUY 11 NESTLEIND.NS @ 559.33 | Strat Cash: 317,944.50 | Pos: 11
[14:59:00] [MeanReversion] EXEC: SELL 142 POWERGRID.NS @ 51.70 | Strat Cash: 335,321.87 | Pos: 0
[15:00:00] [MeanReversion] EXEC: SELL 13 NESTLEIND.NS @ 559.86 | Strat Cash: 342,600.03 | Pos: 0
[15:01:00] [Trend] EXEC: BUY 4 BRITANNIA.NS @ 1,320.44 | Strat Cash: 312,662.72 | Pos: 4
[15:01:00] [Trend] EXEC: SELL 12 HDFCBANK.NS @ 511.14 | Strat Cash: 318,796.41 | Pos: 0
[15:01:00] [MeanReversion] EXEC: BUY 9 SUNPHARMA.NS @ 761.22 | Strat Cash: 335,749.02 | Pos: 9
[15:01:00] [Trend] EXEC: SELL 65 WIPRO.NS @ 96.32 | Strat Cash: 325,057.22 | Pos: 0
[15:02:00] [MeanReversion] EXEC: SELL 33 RELIANCE.NS @ 216.10 | Strat Cash: 342,880.21 | Pos: 0
[15:04:00] [MeanReversion] EXEC: SELL 14 HDFCBANK.NS @ 511.96 | Strat Cash: 350,047.66 | Pos: 0
[15:04:00] [Trend] EXEC: SELL 76 NTPC.NS @ 78.79 | Strat Cash: 331,045.53 | Pos: 0
[15:05:00] [Trend] EXEC: SELL 10 DRREDDY.NS @ 697.69 | Strat Cash: 338,022.40 | Pos: 0
[15:06:00] [Trend] EXEC: SELL 8 SUNPHARMA.NS @ 760.65 | Strat Cash: 344,107.56 | Pos: 0
[15:07:00] [Trend] EXEC: BUY 71 BPCL.NS @ 96.05 | Strat Cash: 337,288.31 | Pos: 71
[15:07:00] [MeanReversion] EXEC: BUY 11 CIPLA.NS @ 635.22 | Strat Cash: 343,060.23 | Pos: 11
[15:07:00] [MeanReversion] EXEC: SELL 49 ITC.NS @ 153.56 | Strat Cash: 350,584.83 | Pos: 0
[15:07:00] [MeanReversion] EXEC: BUY 59 TATACONSUM.NS @ 118.63 | Strat Cash: 343,585.91 | Pos: 59
[15:07:00] [Trend] EXEC: SELL 19 UPL.NS @ 319.98 | Strat Cash: 343,368.01 | Pos: 0
[15:08:00] [MeanReversion] EXEC: BUY 3 BAJAJ-AUTO.NS @ 1,888.14 | Strat Cash: 337,921.47 | Pos: 3
[15:08:00] [Trend] EXEC: SELL 326 TATASTEEL.NS @ 18.46 | Strat Cash: 349,386.09 | Pos: 0
[15:09:00] [Trend] EXEC: BUY 134 POWERGRID.NS @ 51.83 | Strat Cash: 342,440.92 | Pos: 134
[15:09:00] [MeanReversion] EXEC: BUY 6 TCS.NS @ 1,073.95 | Strat Cash: 331,477.76 | Pos: 6
[15:10:00] [Trend] EXEC: SELL 3 HEROMOTOCO.NS @ 1,868.55 | Strat Cash: 348,046.58 | Pos: 0
[15:12:00] [Trend] EXEC: BUY 11 M&M.NS @ 594.33 | Strat Cash: 341,508.99 | Pos: 11
[15:12:00] [MeanReversion] EXEC: SELL 12 M&M.NS @ 594.33 | Strat Cash: 338,609.67 | Pos: 0
[15:13:00] [Trend] EXEC: SELL 3 BAJAJ-AUTO.NS @ 1,885.12 | Strat Cash: 347,164.34 | Pos: 0
[15:13:00] [Trend] EXEC: SELL 6 TCS.NS @ 1,073.48 | Strat Cash: 353,605.25 | Pos: 0
[15:14:00] [Trend] EXEC: BUY 136 BAJFINANCE.NS @ 51.94 | Strat Cash: 346,541.16 | Pos: 136
[15:14:00] [Trend] EXEC: BUY 13 HDFCBANK.NS @ 512.09 | Strat Cash: 339,883.96 | Pos: 13
[15:14:00] [MeanReversion] EXEC: SELL 368 TATASTEEL.NS @ 18.50 | Strat Cash: 345,416.28 | Pos: 0
[15:14:00] [Trend] EXEC: SELL 1 ULTRACEMCO.NS @ 3,021.90 | Strat Cash: 342,905.86 | Pos: 0
